<?xml version="1.0" encoding="utf-8" standalone="no"?>
<test-results xmlns:xsi="http://www.w3.org/2001/XMLSchema-instance" xsi:noNamespaceSchemaLocation="nunit_schema_2.5.xsd" name="Pester" total="1220" errors="0" failures="0" not-run="0" inconclusive="0" ignored="0" skipped="0" invalid="0" date="2026-04-13" time="06:42:31">
  <environment user="glove" cwd="C:\Users\glove\projects\ethang-monorepo\packages\vibe-cli" platform="Microsoft Windows 11 Pro|C:\WINDOWS|\Device\Harddisk0\Partition3" clr-version="9.0.14" user-domain="ETHANG" machine-name="ETHANG" nunit-version="2.5.8.0" os-version="10.0.26200" />
  <culture-info current-culture="en-US" current-uiculture="en-US" />
  <test-suite type="TestFixture" name="Pester" executed="True" result="Success" success="True" time="32.0925" asserts="0" description="Pester">
    <results>
      <test-suite type="TestFixture" name="C:\Users\glove\projects\ethang-monorepo\packages\vibe-cli\tests\1-elicitor.Tests.ps1" executed="True" result="Success" success="True" time="0.7125" asserts="0" description="C:\Users\glove\projects\ethang-monorepo\packages\vibe-cli\tests\1-elicitor.Tests.ps1">
        <results>
          <test-suite type="TestFixture" name="Invoke-Elicitor stage completion marker" executed="True" result="Success" success="True" time="0.3529" asserts="0" description="Invoke-Elicitor stage completion marker">
            <results>
              <test-case description="writes STAGE_COMPLETE:1: marker on success" name="Invoke-Elicitor stage completion marker.writes STAGE_COMPLETE:1: marker on success" time="0.2646" asserts="0" success="True" result="Success" executed="True" />
              <test-case description="does NOT write STAGE_COMPLETE:1 marker when elicitor fails" name="Invoke-Elicitor stage completion marker.does NOT write STAGE_COMPLETE:1 marker when elicitor fails" time="0.0577" asserts="0" success="True" result="Success" executed="True" />
            </results>
          </test-suite>
        </results>
      </test-suite>
      <test-suite type="TestFixture" name="C:\Users\glove\projects\ethang-monorepo\packages\vibe-cli\tests\2-parallel-writers.Tests.ps1" executed="True" result="Success" success="True" time="0.3552" asserts="0" description="C:\Users\glove\projects\ethang-monorepo\packages\vibe-cli\tests\2-parallel-writers.Tests.ps1">
        <results>
          <test-suite type="TestFixture" name="Invoke-ParallelWriter (Stage 2)" executed="True" result="Success" success="True" time="0.2694" asserts="0" description="Invoke-ParallelWriter (Stage 2)">
            <results>
              <test-case description="calls Invoke-Parallel with two jobs: bdd and tla" name="Invoke-ParallelWriter (Stage 2).calls Invoke-Parallel with two jobs: bdd and tla" time="0.0752" asserts="0" success="True" result="Success" executed="True" />
              <test-case description="writes STAGE_COMPLETE:2 marker on success" name="Invoke-ParallelWriter (Stage 2).writes STAGE_COMPLETE:2 marker on success" time="0.047" asserts="0" success="True" result="Success" executed="True" />
              <test-case description="fails when BDD writer fails but preserves TLA output" name="Invoke-ParallelWriter (Stage 2).fails when BDD writer fails but preserves TLA output" time="0.0388" asserts="0" success="True" result="Success" executed="True" />
              <test-case description="fails when both writers fail" name="Invoke-ParallelWriter (Stage 2).fails when both writers fail" time="0.0354" asserts="0" success="True" result="Success" executed="True" />
              <test-case description="throws when elicitor.md does not exist (#23)" name="Invoke-ParallelWriter (Stage 2).throws when elicitor.md does not exist (#23)" time="0.0267" asserts="0" success="True" result="Success" executed="True" />
              <test-case description="does not write STAGE_COMPLETE:2 marker on failure" name="Invoke-ParallelWriter (Stage 2).does not write STAGE_COMPLETE:2 marker on failure" time="0.0412" asserts="0" success="True" result="Success" executed="True" />
            </results>
          </test-suite>
        </results>
      </test-suite>
      <test-suite type="TestFixture" name="C:\Users\glove\projects\ethang-monorepo\packages\vibe-cli\tests\3-unified-debate.Tests.ps1" executed="True" result="Success" success="True" time="0.3963" asserts="0" description="C:\Users\glove\projects\ethang-monorepo\packages\vibe-cli\tests\3-unified-debate.Tests.ps1">
        <results>
          <test-suite type="TestFixture" name="Invoke-UnifiedDebateStage (Stage 3)" executed="True" result="Success" success="True" time="0.3103" asserts="0" description="Invoke-UnifiedDebateStage (Stage 3)">
            <results>
              <test-case description="calls Invoke-UnifiedDebateLoop (not Invoke-DebateLoop)" name="Invoke-UnifiedDebateStage (Stage 3).calls Invoke-UnifiedDebateLoop (not Invoke-DebateLoop)" time="0.0665" asserts="0" success="True" result="Success" executed="True" />
              <test-case description="writes STAGE_COMPLETE:3 on consensus success" name="Invoke-UnifiedDebateStage (Stage 3).writes STAGE_COMPLETE:3 on consensus success" time="0.062" asserts="0" success="True" result="Success" executed="True" />
              <test-case description="writes STAGE_COMPLETE:3 on max-rounds exit" name="Invoke-UnifiedDebateStage (Stage 3).writes STAGE_COMPLETE:3 on max-rounds exit" time="0.0472" asserts="0" success="True" result="Success" executed="True" />
              <test-case description="does NOT write STAGE_COMPLETE:3 on consensus revision failure (Amendment 5)" name="Invoke-UnifiedDebateStage (Stage 3).does NOT write STAGE_COMPLETE:3 on consensus revision failure (Amendment 5)" time="0.0501" asserts="0" success="True" result="Success" executed="True" />
              <test-case description="produces unified-debate.md on all exit paths" name="Invoke-UnifiedDebateStage (Stage 3).produces unified-debate.md on all exit paths" time="0.0476" asserts="0" success="True" result="Success" executed="True" />
              <test-case description="delegates to unified-debate-loop which references unified-debate-moderator.md" name="Invoke-UnifiedDebateStage (Stage 3).delegates to unified-debate-loop which references unified-debate-moderator.md" time="0.031" asserts="0" success="True" result="Success" executed="True" />
            </results>
          </test-suite>
        </results>
      </test-suite>
      <test-suite type="TestFixture" name="C:\Users\glove\projects\ethang-monorepo\packages\vibe-cli\tests\4-post-debate.Tests.ps1" executed="True" result="Success" success="True" time="0.3403" asserts="0" description="C:\Users\glove\projects\ethang-monorepo\packages\vibe-cli\tests\4-post-debate.Tests.ps1">
        <results>
          <test-suite type="TestFixture" name="Invoke-PostDebate (Stage 4)" executed="True" result="Success" success="True" time="0.2701" asserts="0" description="Invoke-PostDebate (Stage 4)">
            <results>
              <test-case description="generates fixture JSON from bdd.feature" name="Invoke-PostDebate (Stage 4).generates fixture JSON from bdd.feature" time="0.0996" asserts="0" success="True" result="Success" executed="True" />
              <test-case description="writes STAGE_COMPLETE:4 marker on success" name="Invoke-PostDebate (Stage 4).writes STAGE_COMPLETE:4 marker on success" time="0.0492" asserts="0" success="True" result="Success" executed="True" />
              <test-case description="fails when bdd.feature is missing" name="Invoke-PostDebate (Stage 4).fails when bdd.feature is missing" time="0.0309" asserts="0" success="True" result="Success" executed="True" />
              <test-case description="fails when bdd.feature contains invalid Gherkin" name="Invoke-PostDebate (Stage 4).fails when bdd.feature contains invalid Gherkin" time="0.0485" asserts="0" success="True" result="Success" executed="True" />
              <test-case description="validates cumulative artifacts before executing" name="Invoke-PostDebate (Stage 4).validates cumulative artifacts before executing" time="0.0371" asserts="0" success="True" result="Success" executed="True" />
            </results>
          </test-suite>
        </results>
      </test-suite>
      <test-suite type="TestFixture" name="C:\Users\glove\projects\ethang-monorepo\packages\vibe-cli\tests\6-implementation-debate.Tests.ps1" executed="True" result="Success" success="True" time="0.3493" asserts="0" description="C:\Users\glove\projects\ethang-monorepo\packages\vibe-cli\tests\6-implementation-debate.Tests.ps1">
        <results>
          <test-suite type="TestFixture" name="Invoke-ImplementationDebateStage (Stage 6)" executed="True" result="Success" success="True" time="0.2757" asserts="0" description="Invoke-ImplementationDebateStage (Stage 6)">
            <results>
              <test-case description="writes STAGE_COMPLETE:6 marker on success" name="Invoke-ImplementationDebateStage (Stage 6).writes STAGE_COMPLETE:6 marker on success" time="0.0736" asserts="0" success="True" result="Success" executed="True" />
              <test-case description="calls Invoke-DebateLoop with correct parameters" name="Invoke-ImplementationDebateStage (Stage 6).calls Invoke-DebateLoop with correct parameters" time="0.0644" asserts="0" success="True" result="Success" executed="True" />
              <test-case description="returns Success=$true on completion" name="Invoke-ImplementationDebateStage (Stage 6).returns Success=$true on completion" time="0.0444" asserts="0" success="True" result="Success" executed="True" />
              <test-case description="returns Success=$false when validation fails (missing implementation-plan.md)" name="Invoke-ImplementationDebateStage (Stage 6).returns Success=$false when validation fails (missing implementation-plan.md)" time="0.0452" asserts="0" success="True" result="Success" executed="True" />
              <test-case description="handles string TlaFile path" name="Invoke-ImplementationDebateStage (Stage 6).handles string TlaFile path" time="0.0436" asserts="0" success="True" result="Success" executed="True" />
            </results>
          </test-suite>
        </results>
      </test-suite>
      <test-suite type="TestFixture" name="C:\Users\glove\projects\ethang-monorepo\packages\vibe-cli\tests\6-implementation-writer.Tests.ps1" executed="True" result="Success" success="True" time="0.3193" asserts="0" description="C:\Users\glove\projects\ethang-monorepo\packages\vibe-cli\tests\6-implementation-writer.Tests.ps1">
        <results>
          <test-suite type="TestFixture" name="Invoke-ImplementationWriterStage explicit paths" executed="True" result="Success" success="True" time="0.0288" asserts="0" description="Invoke-ImplementationWriterStage explicit paths">
            <results>
              <test-case description="accepts -BddFeaturePath parameter" name="Invoke-ImplementationWriterStage explicit paths.accepts -BddFeaturePath parameter" time="0.0036" asserts="0" success="True" result="Success" executed="True" />
              <test-case description="accepts -TlaSpecPath parameter" name="Invoke-ImplementationWriterStage explicit paths.accepts -TlaSpecPath parameter" time="0.0022" asserts="0" success="True" result="Success" executed="True" />
              <test-case description="works without BddFeaturePath (optional param)" name="Invoke-ImplementationWriterStage explicit paths.works without BddFeaturePath (optional param)" time="0.0037" asserts="0" success="True" result="Success" executed="True" />
              <test-case description="works without TlaSpecPath (optional param)" name="Invoke-ImplementationWriterStage explicit paths.works without TlaSpecPath (optional param)" time="0.0028" asserts="0" success="True" result="Success" executed="True" />
            </results>
          </test-suite>
          <test-suite type="TestFixture" name="Invoke-ImplementationWriterStage execution" executed="True" result="Success" success="True" time="0.2469" asserts="0" description="Invoke-ImplementationWriterStage execution">
            <results>
              <test-case description="writes STAGE_COMPLETE:5 marker and returns Success on happy path" name="Invoke-ImplementationWriterStage execution.writes STAGE_COMPLETE:5 marker and returns Success on happy path" time="0.0548" asserts="0" success="True" result="Success" executed="True" />
              <test-case description="throws when Invoke-Claude does not produce implementation-plan.md" name="Invoke-ImplementationWriterStage execution.throws when Invoke-Claude does not produce implementation-plan.md" time="0.0482" asserts="0" success="True" result="Success" executed="True" />
              <test-case description="returns Success=$false when validation fails (missing elicitor.md)" name="Invoke-ImplementationWriterStage execution.returns Success=$false when validation fails (missing elicitor.md)" time="0.0316" asserts="0" success="True" result="Success" executed="True" />
              <test-case description="reads unified debate content when present" name="Invoke-ImplementationWriterStage execution.reads unified debate content when present" time="0.0788" asserts="0" success="True" result="Success" executed="True" />
            </results>
          </test-suite>
        </results>
      </test-suite>
      <test-suite type="TestFixture" name="C:\Users\glove\projects\ethang-monorepo\packages\vibe-cli\tests\8-coding.Tests.ps1" executed="True" result="Success" success="True" time="0.2456" asserts="0" description="C:\Users\glove\projects\ethang-monorepo\packages\vibe-cli\tests\8-coding.Tests.ps1">
        <results>
          <test-suite type="TestFixture" name="Tier Completion Counter (ConcurrentDictionary)" executed="True" result="Success" success="True" time="0.1917" asserts="0" description="Tier Completion Counter (ConcurrentDictionary)">
            <results>
              <test-case description="creates empty ConcurrentDictionary" name="Tier Completion Counter (ConcurrentDictionary).creates empty ConcurrentDictionary" time="0.0116" asserts="0" success="True" result="Success" executed="True" />
              <test-case description="atomically increments via AddOrUpdate" name="Tier Completion Counter (ConcurrentDictionary).atomically increments via AddOrUpdate" time="0.0101" asserts="0" success="True" result="Success" executed="True" />
              <test-case description="correct count after concurrent increments from parallel runspaces" name="Tier Completion Counter (ConcurrentDictionary).correct count after concurrent increments from parallel runspaces" time="0.1358" asserts="0" success="True" result="Success" executed="True" />
              <test-case description="AnyTaskInTierSucceeded: 1 of 3 succeed -&gt; tier advances" name="Tier Completion Counter (ConcurrentDictionary).AnyTaskInTierSucceeded: 1 of 3 succeed -&gt; tier advances" time="0.0038" asserts="0" success="True" result="Success" executed="True" />
              <test-case description="TierAllFailed: 0 of 3 succeed -&gt; halt" name="Tier Completion Counter (ConcurrentDictionary).TierAllFailed: 0 of 3 succeed -&gt; halt" time="0.0019" asserts="0" success="True" result="Success" executed="True" />
              <test-case description="2 of 3 succeed -&gt; tier advances" name="Tier Completion Counter (ConcurrentDictionary).2 of 3 succeed -&gt; tier advances" time="0.0022" asserts="0" success="True" result="Success" executed="True" />
              <test-case description="no task reaches escalated state" name="Tier Completion Counter (ConcurrentDictionary).no task reaches escalated state" time="0.0028" asserts="0" success="True" result="Success" executed="True" />
            </results>
          </test-suite>
        </results>
      </test-suite>
      <test-suite type="TestFixture" name="C:\Users\glove\projects\ethang-monorepo\packages\vibe-cli\tests\abort-cleanup.Tests.ps1" executed="True" result="Success" success="True" time="0.4852" asserts="0" description="C:\Users\glove\projects\ethang-monorepo\packages\vibe-cli\tests\abort-cleanup.Tests.ps1">
        <results>
          <test-suite type="TestFixture" name="Invoke-AbortCleanup" executed="True" result="Success" success="True" time="0.4314" asserts="0" description="Invoke-AbortCleanup">
            <results>
              <test-case description="writes ABORT marker before lock release" name="Invoke-AbortCleanup.writes ABORT marker before lock release" time="0.0305" asserts="0" success="True" result="Success" executed="True" />
              <test-case description="terminates agent processes" name="Invoke-AbortCleanup.terminates agent processes" time="0.0376" asserts="0" success="True" result="Success" executed="True" />
              <test-case description="resets mergeState from waiting to failed" name="Invoke-AbortCleanup.resets mergeState from waiting to failed" time="0.0205" asserts="0" success="True" result="Success" executed="True" />
              <test-case description="resets mergeState from merging to failed" name="Invoke-AbortCleanup.resets mergeState from merging to failed" time="0.0168" asserts="0" success="True" result="Success" executed="True" />
              <test-case description="removes active worktrees sequentially" name="Invoke-AbortCleanup.removes active worktrees sequentially" time="0.067" asserts="0" success="True" result="Success" executed="True" />
              <test-case description="releases pipeline lock" name="Invoke-AbortCleanup.releases pipeline lock" time="0.0162" asserts="0" success="True" result="Success" executed="True" />
              <test-case description="is best-effort — one failure does not stop others" name="Invoke-AbortCleanup.is best-effort — one failure does not stop others" time="0.037" asserts="0" success="True" result="Success" executed="True" />
              <test-case description="post-cleanup invariant: no task has mergeState waiting/merging when cleanup done" name="Invoke-AbortCleanup.post-cleanup invariant: no task has mergeState waiting/merging when cleanup done" time="0.0225" asserts="0" success="True" result="Success" executed="True" />
              <test-case description="handles zero active worktrees gracefully" name="Invoke-AbortCleanup.handles zero active worktrees gracefully" time="0.0163" asserts="0" success="True" result="Success" executed="True" />
              <test-case description="catches ABORT marker write error and records it" name="Invoke-AbortCleanup.catches ABORT marker write error and records it" time="0.0187" asserts="0" success="True" result="Success" executed="True" />
              <test-case description="catches agent terminate error and records taskId in error" name="Invoke-AbortCleanup.catches agent terminate error and records taskId in error" time="0.0221" asserts="0" success="True" result="Success" executed="True" />
              <test-case description="aborts in-progress merge when .git exists" name="Invoke-AbortCleanup.aborts in-progress merge when .git exists" time="0.0428" asserts="0" success="True" result="Success" executed="True" />
              <test-case description="catches merge abort error and records taskId in error" name="Invoke-AbortCleanup.catches merge abort error and records taskId in error" time="0.0285" asserts="0" success="True" result="Success" executed="True" />
              <test-case description="catches lock release error and records it" name="Invoke-AbortCleanup.catches lock release error and records it" time="0.0498" asserts="0" success="True" result="Success" executed="True" />
            </results>
          </test-suite>
        </results>
      </test-suite>
      <test-suite type="TestFixture" name="C:\Users\glove\projects\ethang-monorepo\packages\vibe-cli\tests\agent-writer.Tests.ps1" executed="True" result="Success" success="True" time="0.2075" asserts="0" description="C:\Users\glove\projects\ethang-monorepo\packages\vibe-cli\tests\agent-writer.Tests.ps1">
        <results>
          <test-suite type="TestFixture" name="Invoke-AgentWriter" executed="True" result="Success" success="True" time="0.1072" asserts="0" description="Invoke-AgentWriter">
            <results>
              <test-case description="returns completed on successful dispatch" name="Invoke-AgentWriter.returns completed on successful dispatch" time="0.0262" asserts="0" success="True" result="Success" executed="True" />
              <test-case description="escalates on infrastructure failure" name="Invoke-AgentWriter.escalates on infrastructure failure" time="0.0119" asserts="0" success="True" result="Success" executed="True" />
              <test-case description="escalates on null response" name="Invoke-AgentWriter.escalates on null response" time="0.0141" asserts="0" success="True" result="Success" executed="True" />
              <test-case description="calls Invoke-Claude exactly once" name="Invoke-AgentWriter.calls Invoke-Claude exactly once" time="0.0132" asserts="0" success="True" result="Success" executed="True" />
              <test-case description="does not call Invoke-VerifyCommand" name="Invoke-AgentWriter.does not call Invoke-VerifyCommand" time="0.012" asserts="0" success="True" result="Success" executed="True" />
              <test-case description="skips re-dispatch when already completed" name="Invoke-AgentWriter.skips re-dispatch when already completed" time="0.0234" asserts="0" success="True" result="Success" executed="True" />
            </results>
          </test-suite>
        </results>
      </test-suite>
      <test-suite type="TestFixture" name="C:\Users\glove\projects\ethang-monorepo\packages\vibe-cli\tests\coding-integration.Tests.ps1" executed="True" result="Success" success="True" time="2.481" asserts="0" description="C:\Users\glove\projects\ethang-monorepo\packages\vibe-cli\tests\coding-integration.Tests.ps1">
        <results>
          <test-suite type="TestFixture" name="Stage 8 — Logging" executed="True" result="Success" success="True" time="0.0842" asserts="0" description="Stage 8 — Logging">
            <results>
              <test-case description="Write-PipelineLog writes to both console and pipeline.log when Root is provided" name="Stage 8 — Logging.Write-PipelineLog writes to both console and pipeline.log when Root is provided" time="0.0061" asserts="0" success="True" result="Success" executed="True" />
              <test-case description="Write-PipelineLog without Root does not create pipeline.log" name="Stage 8 — Logging.Write-PipelineLog without Root does not create pipeline.log" time="0.0055" asserts="0" success="True" result="Success" executed="True" />
              <test-case description="Multiple log entries append to pipeline.log" name="Stage 8 — Logging.Multiple log entries append to pipeline.log" time="0.0249" asserts="0" success="True" result="Success" executed="True" />
              <test-case description="Resume markers include MARKER prefix" name="Stage 8 — Logging.Resume markers include MARKER prefix" time="0.0102" asserts="0" success="True" result="Success" executed="True" />
              <test-case description="PIPELINE COMPLETE and HALTED markers are written by Complete-Pipeline" name="Stage 8 — Logging.PIPELINE COMPLETE and HALTED markers are written by Complete-Pipeline" time="0.0169" asserts="0" success="True" result="Success" executed="True" />
            </results>
          </test-suite>
          <test-suite type="TestFixture" name="Stage 8 — Resume" executed="True" result="Success" success="True" time="1.0378" asserts="0" description="Stage 8 — Resume">
            <results>
              <test-case description="Resume reads last TIER_N_COMPLETE marker and resumes from tier N+1" name="Stage 8 — Resume.Resume reads last TIER_N_COMPLETE marker and resumes from tier N+1" time="0.1696" asserts="0" success="True" result="Success" executed="True" />
              <test-case description="Resume with no pipeline.log starts fresh with warning" name="Stage 8 — Resume.Resume with no pipeline.log starts fresh with warning" time="0.1051" asserts="0" success="True" result="Success" executed="True" />
              <test-case description="Resume with TIER_0 equivalent (no markers) starts fresh with warning" name="Stage 8 — Resume.Resume with TIER_0 equivalent (no markers) starts fresh with warning" time="0.1113" asserts="0" success="True" result="Success" executed="True" />
              <test-case description="Resume reclaims stale lock on lock failure" name="Stage 8 — Resume.Resume reclaims stale lock on lock failure" time="0.0998" asserts="0" success="True" result="Success" executed="True" />
              <test-case description="Resume detects and cleans up orphan worktrees" name="Stage 8 — Resume.Resume detects and cleans up orphan worktrees" time="0.1188" asserts="0" success="True" result="Success" executed="True" />
              <test-case description="Resume with all tiers complete jumps to GlobalDoublePass (R2-4)" name="Stage 8 — Resume.Resume with all tiers complete jumps to GlobalDoublePass (R2-4)" time="0.0917" asserts="0" success="True" result="Success" executed="True" />
              <test-case description="Resume skips already-merged branches during merge detection" name="Stage 8 — Resume.Resume skips already-merged branches during merge detection" time="0.1023" asserts="0" success="True" result="Success" executed="True" />
              <test-case description="Resume halts when feature branch does not exist" name="Stage 8 — Resume.Resume halts when feature branch does not exist" time="0.043" asserts="0" success="True" result="Success" executed="True" />
              <test-case description="Resume checks out feature branch when on a different branch" name="Stage 8 — Resume.Resume checks out feature branch when on a different branch" time="0.0931" asserts="0" success="True" result="Success" executed="True" />
            </results>
          </test-suite>
          <test-suite type="TestFixture" name="Stage 8 — Feature Branch Creation" executed="True" result="Success" success="True" time="1.172" asserts="0" description="Stage 8 — Feature Branch Creation">
            <results>
              <test-case description="Fresh run creates feature branch before locking" name="Stage 8 — Feature Branch Creation.Fresh run creates feature branch before locking" time="0.0763" asserts="0" success="True" result="Success" executed="True" />
              <test-case description="Fresh run halts when feature branch already exists" name="Stage 8 — Feature Branch Creation.Fresh run halts when feature branch already exists" time="0.0373" asserts="0" success="True" result="Success" executed="True" />
            </results>
          </test-suite>
          <test-suite type="TestFixture" name="Stage 8 — Crash Recovery" executed="True" result="Success" success="True" time="1.6646" asserts="0" description="Stage 8 — Crash Recovery">
            <results>
              <test-case description="R2-3: Zero-checkpoint crash (lastCompletedTier=0) starts fresh with warning" name="Stage 8 — Crash Recovery.R2-3: Zero-checkpoint crash (lastCompletedTier=0) starts fresh with warning" time="0.0838" asserts="0" success="True" result="Success" executed="True" />
              <test-case description="R2-4: ResumeToGlobal (lastCompletedTier=MaxTiers) jumps to GlobalDoublePass" name="Stage 8 — Crash Recovery.R2-4: ResumeToGlobal (lastCompletedTier=MaxTiers) jumps to GlobalDoublePass" time="0.0814" asserts="0" success="True" result="Success" executed="True" />
              <test-case description="R2-6: Input re-validation on resume — missing plan halts" name="Stage 8 — Crash Recovery.R2-6: Input re-validation on resume — missing plan halts" time="0.037" asserts="0" success="True" result="Success" executed="True" />
              <test-case description="R2-6: Input re-validation on resume — missing BDD fixture halts" name="Stage 8 — Crash Recovery.R2-6: Input re-validation on resume — missing BDD fixture halts" time="0.0396" asserts="0" success="True" result="Success" executed="True" />
              <test-case description="R2-6: Input re-validation on resume — missing TLA fixture halts" name="Stage 8 — Crash Recovery.R2-6: Input re-validation on resume — missing TLA fixture halts" time="0.0378" asserts="0" success="True" result="Success" executed="True" />
              <test-case description="R1-5: Idempotency — re-running completed tier is a no-op" name="Stage 8 — Crash Recovery.R1-5: Idempotency — re-running completed tier is a no-op" time="0.0916" asserts="0" success="True" result="Success" executed="True" />
              <test-case description="R1-4: Resume with orphan worktrees cleans them up" name="Stage 8 — Crash Recovery.R1-4: Resume with orphan worktrees cleans them up" time="0.1019" asserts="0" success="True" result="Success" executed="True" />
            </results>
          </test-suite>
          <test-suite type="TestFixture" name="Stage 8 — End-to-End Integration" executed="True" result="Success" success="True" time="2.3244" asserts="0" description="Stage 8 — End-to-End Integration">
            <results>
              <test-case description="Full happy path: Init -&gt; dispatch all tiers -&gt; complete" name="Stage 8 — End-to-End Integration.Full happy path: Init -&gt; dispatch all tiers -&gt; complete" time="0.0771" asserts="0" success="True" result="Success" executed="True" />
              <test-case description="Crash mid-tier, resume, complete" name="Stage 8 — End-to-End Integration.Crash mid-tier, resume, complete" time="0.0936" asserts="0" success="True" result="Success" executed="True" />
              <test-case description="Alternating tier sizes [3,1,2] dispatches correct number of Claude calls" name="Stage 8 — End-to-End Integration.Alternating tier sizes [3,1,2] dispatches correct number of Claude calls" time="0.0831" asserts="0" success="True" result="Success" executed="True" />
              <test-case description="L4: Lock is always released even on validation failure" name="Stage 8 — End-to-End Integration.L4: Lock is always released even on validation failure" time="0.0451" asserts="0" success="True" result="Success" executed="True" />
              <test-case description="Lock is always released even on successful completion" name="Stage 8 — End-to-End Integration.Lock is always released even on successful completion" time="0.0845" asserts="0" success="True" result="Success" executed="True" />
              <test-case description="Validation failure: missing plan halts without dispatching Claude" name="Stage 8 — End-to-End Integration.Validation failure: missing plan halts without dispatching Claude" time="0.0434" asserts="0" success="True" result="Success" executed="True" />
              <test-case description="Validation failure: malformed JSON halts" name="Stage 8 — End-to-End Integration.Validation failure: malformed JSON halts" time="0.0473" asserts="0" success="True" result="Success" executed="True" />
              <test-case description="Pre-coding gate: uncommitted changes with user refusing halts pipeline" name="Stage 8 — End-to-End Integration.Pre-coding gate: uncommitted changes with user refusing halts pipeline" time="0.0472" asserts="0" success="True" result="Success" executed="True" />
              <test-case description="Lock acquisition failure returns halted_lock" name="Stage 8 — End-to-End Integration.Lock acquisition failure returns halted_lock" time="0.0457" asserts="0" success="True" result="Success" executed="True" />
              <test-case description="WorktreeCleanup writes checkpoint marker before removing worktrees" name="Stage 8 — End-to-End Integration.WorktreeCleanup writes checkpoint marker before removing worktrees" time="0.0332" asserts="0" success="True" result="Success" executed="True" />
              <test-case description="Complete-Pipeline returns correct status and timestamp" name="Stage 8 — End-to-End Integration.Complete-Pipeline returns correct status and timestamp" time="0.0405" asserts="0" success="True" result="Success" executed="True" />
            </results>
          </test-suite>
        </results>
      </test-suite>
      <test-suite type="TestFixture" name="C:\Users\glove\projects\ethang-monorepo\packages\vibe-cli\tests\coding-stage.Tests.ps1" executed="True" result="Success" success="True" time="4.979" asserts="0" description="C:\Users\glove\projects\ethang-monorepo\packages\vibe-cli\tests\coding-stage.Tests.ps1">
        <results>
          <test-suite type="TestFixture" name="Stage 8 — Pre-Coding Gate" executed="True" result="Success" success="True" time="0.2604" asserts="0" description="Stage 8 — Pre-Coding Gate">
            <results>
              <test-case description="clean tree passes gate without prompting" name="Stage 8 — Pre-Coding Gate.clean tree passes gate without prompting" time="0.0937" asserts="0" success="True" result="Success" executed="True" />
              <test-case description="dirty tree + decline halts and restores previous branch" name="Stage 8 — Pre-Coding Gate.dirty tree + decline halts and restores previous branch" time="0.0507" asserts="0" success="True" result="Success" executed="True" />
              <test-case description="dirty tree + accept auto-commits on feature branch and continues" name="Stage 8 — Pre-Coding Gate.dirty tree + accept auto-commits on feature branch and continues" time="0.0916" asserts="0" success="True" result="Success" executed="True" />
            </results>
          </test-suite>
          <test-suite type="TestFixture" name="Stage 8 — Pipeline Lock" executed="True" result="Success" success="True" time="0.5786" asserts="0" description="Stage 8 — Pipeline Lock">
            <results>
              <test-case description="calls Lock-Pipeline on entry and Unlock-Pipeline on completion" name="Stage 8 — Pipeline Lock.calls Lock-Pipeline on entry and Unlock-Pipeline on completion" time="0.085" asserts="0" success="True" result="Success" executed="True" />
              <test-case description="does not call Unlock-Pipeline when Lock-Pipeline throws (lock never acquired)" name="Stage 8 — Pipeline Lock.does not call Unlock-Pipeline when Lock-Pipeline throws (lock never acquired)" time="0.0452" asserts="0" success="True" result="Success" executed="True" />
              <test-case description="calls Unlock-Pipeline in finally block after successful lock even on validation error" name="Stage 8 — Pipeline Lock.calls Unlock-Pipeline in finally block after successful lock even on validation error" time="0.0479" asserts="0" success="True" result="Success" executed="True" />
              <test-case description="concurrent run rejected when Lock-Pipeline throws already-running" name="Stage 8 — Pipeline Lock.concurrent run rejected when Lock-Pipeline throws already-running" time="0.0413" asserts="0" success="True" result="Success" executed="True" />
              <test-case description="stale lock reclaimed via Lock-Pipeline succeeding after stale detection" name="Stage 8 — Pipeline Lock.stale lock reclaimed via Lock-Pipeline succeeding after stale detection" time="0.0827" asserts="0" success="True" result="Success" executed="True" />
            </results>
          </test-suite>
          <test-suite type="TestFixture" name="Stage 8 — Input Validation" executed="True" result="Success" success="True" time="0.854" asserts="0" description="Stage 8 — Input Validation">
            <results>
              <test-case description="halts when implementation-plan.json not found" name="Stage 8 — Input Validation.halts when implementation-plan.json not found" time="0.0496" asserts="0" success="True" result="Success" executed="True" />
              <test-case description="halts when plan JSON is malformed" name="Stage 8 — Input Validation.halts when plan JSON is malformed" time="0.0428" asserts="0" success="True" result="Success" executed="True" />
              <test-case description="halts when tiers array is empty" name="Stage 8 — Input Validation.halts when tiers array is empty" time="0.0443" asserts="0" success="True" result="Success" executed="True" />
              <test-case description="halts when a tier has zero tasks" name="Stage 8 — Input Validation.halts when a tier has zero tasks" time="0.0447" asserts="0" success="True" result="Success" executed="True" />
              <test-case description="halts when BDD fixture not found" name="Stage 8 — Input Validation.halts when BDD fixture not found" time="0.0456" asserts="0" success="True" result="Success" executed="True" />
              <test-case description="halts when TLA fixture not found" name="Stage 8 — Input Validation.halts when TLA fixture not found" time="0.043" asserts="0" success="True" result="Success" executed="True" />
            </results>
          </test-suite>
          <test-suite type="TestFixture" name="Stage 8 — Config Snapshot" executed="True" result="Success" success="True" time="1.1782" asserts="0" description="Stage 8 — Config Snapshot">
            <results>
              <test-case description="returns plan snapshot in result" name="Stage 8 — Config Snapshot.returns plan snapshot in result" time="0.0875" asserts="0" success="True" result="Success" executed="True" />
              <test-case description="snapshot is not affected by later file changes (immutability)" name="Stage 8 — Config Snapshot.snapshot is not affected by later file changes (immutability)" time="0.0846" asserts="0" success="True" result="Success" executed="True" />
              <test-case description="snapshot is idempotent across repeated reads" name="Stage 8 — Config Snapshot.snapshot is idempotent across repeated reads" time="0.1348" asserts="0" success="True" result="Success" executed="True" />
            </results>
          </test-suite>
          <test-suite type="TestFixture" name="Stage 8 — Fixture Coverage" executed="True" result="Success" success="True" time="1.8298" asserts="0" description="Stage 8 — Fixture Coverage">
            <results>
              <test-case description="all fixtures covered — check passes with no gaps" name="Stage 8 — Fixture Coverage.all fixtures covered — check passes with no gaps" time="0.1149" asserts="0" success="True" result="Success" executed="True" />
              <test-case description="missing BDD fixtures — uncovered list collected" name="Stage 8 — Fixture Coverage.missing BDD fixtures — uncovered list collected" time="0.0824" asserts="0" success="True" result="Success" executed="True" />
              <test-case description="missing TLA+ fixtures — uncovered list collected" name="Stage 8 — Fixture Coverage.missing TLA+ fixtures — uncovered list collected" time="0.0665" asserts="0" success="True" result="Success" executed="True" />
              <test-case description="empty BDD fixture file — skip with warning" name="Stage 8 — Fixture Coverage.empty BDD fixture file — skip with warning" time="0.086" asserts="0" success="True" result="Success" executed="True" />
              <test-case description="empty TLA+ fixture file — skip with warning" name="Stage 8 — Fixture Coverage.empty TLA+ fixture file — skip with warning" time="0.0843" asserts="0" success="True" result="Success" executed="True" />
              <test-case description="both empty — skip both with warnings" name="Stage 8 — Fixture Coverage.both empty — skip both with warnings" time="0.0662" asserts="0" success="True" result="Success" executed="True" />
              <test-case description="uses title fallback when entry has no name property (line 245/257)" name="Stage 8 — Fixture Coverage.uses title fallback when entry has no name property (line 245/257)" time="0.0675" asserts="0" success="True" result="Success" executed="True" />
              <test-case description="uses ToString fallback when entry has neither name nor title (line 245/257)" name="Stage 8 — Fixture Coverage.uses ToString fallback when entry has neither name nor title (line 245/257)" time="0.0682" asserts="0" success="True" result="Success" executed="True" />
            </results>
          </test-suite>
          <test-suite type="TestFixture" name="Stage 8 — Claude Dispatch" executed="True" result="Success" success="True" time="2.5136" asserts="0" description="Stage 8 — Claude Dispatch">
            <results>
              <test-case description="Claude receives plan content and feature docs path" name="Stage 8 — Claude Dispatch.Claude receives plan content and feature docs path" time="0.0734" asserts="0" success="True" result="Success" executed="True" />
              <test-case description="worktrees detected — flag set for per-WT gates" name="Stage 8 — Claude Dispatch.worktrees detected — flag set for per-WT gates" time="0.0735" asserts="0" success="True" result="Success" executed="True" />
              <test-case description="no worktrees — cleanup path" name="Stage 8 — Claude Dispatch.no worktrees — cleanup path" time="0.0619" asserts="0" success="True" result="Success" executed="True" />
              <test-case description="single-task tier with no worktrees still advances" name="Stage 8 — Claude Dispatch.single-task tier with no worktrees still advances" time="0.0635" asserts="0" success="True" result="Success" executed="True" />
              <test-case description="multi-tier plan: single Claude dispatch for all tiers" name="Stage 8 — Claude Dispatch.multi-tier plan: single Claude dispatch for all tiers" time="0.0627" asserts="0" success="True" result="Success" executed="True" />
              <test-case description="zero-diff task: Claude produces no changes, status still dispatched" name="Stage 8 — Claude Dispatch.zero-diff task: Claude produces no changes, status still dispatched" time="0.0623" asserts="0" success="True" result="Success" executed="True" />
              <test-case description="resume marker written after fixture coverage" name="Stage 8 — Claude Dispatch.resume marker written after fixture coverage" time="0.0654" asserts="0" success="True" result="Success" executed="True" />
              <test-case description="resume marker written after Claude dispatch completes all tiers" name="Stage 8 — Claude Dispatch.resume marker written after Claude dispatch completes all tiers" time="0.0666" asserts="0" success="True" result="Success" executed="True" />
              <test-case description="lock held during FixtureCoverage (S2)" name="Stage 8 — Claude Dispatch.lock held during FixtureCoverage (S2)" time="0.067" asserts="0" success="True" result="Success" executed="True" />
              <test-case description="lock held during ClaudeDispatch (S2)" name="Stage 8 — Claude Dispatch.lock held during ClaudeDispatch (S2)" time="0.0712" asserts="0" success="True" result="Success" executed="True" />
            </results>
          </test-suite>
          <test-suite type="TestFixture" name="Stage 8 — Per-Worktree Double-Pass" executed="True" result="Success" success="True" time="2.732" asserts="0" description="Stage 8 — Per-Worktree Double-Pass">
            <results>
              <test-case description="double-pass succeeds on first attempt (2 consecutive passes)" name="Stage 8 — Per-Worktree Double-Pass.double-pass succeeds on first attempt (2 consecutive passes)" time="0.0408" asserts="0" success="True" result="Success" executed="True" />
              <test-case description="test failure sends error to Claude, resets consec=0, increments retry" name="Stage 8 — Per-Worktree Double-Pass.test failure sends error to Claude, resets consec=0, increments retry" time="0.0379" asserts="0" success="True" result="Success" executed="True" />
              <test-case description="lint failure on second pass resets consec=0, increments retry" name="Stage 8 — Per-Worktree Double-Pass.lint failure on second pass resets consec=0, increments retry" time="0.0373" asserts="0" success="True" result="Success" executed="True" />
              <test-case description="MaxDoublePassRetries=5 triggers escalation" name="Stage 8 — Per-Worktree Double-Pass.MaxDoublePassRetries=5 triggers escalation" time="0.0356" asserts="0" success="True" result="Success" executed="True" />
              <test-case description="wtDoublePassRetries never exceeds MaxDoublePassRetries (S3)" name="Stage 8 — Per-Worktree Double-Pass.wtDoublePassRetries never exceeds MaxDoublePassRetries (S3)" time="0.0332" asserts="0" success="True" result="Success" executed="True" />
              <test-case description="wtConsecPasses never exceeds 2 (S6)" name="Stage 8 — Per-Worktree Double-Pass.wtConsecPasses never exceeds 2 (S6)" time="0.0285" asserts="0" success="True" result="Success" executed="True" />
            </results>
          </test-suite>
          <test-suite type="TestFixture" name="Stage 8 — Per-Worktree Review" executed="True" result="Success" success="True" time="3.0468" asserts="0" description="Stage 8 — Per-Worktree Review">
            <results>
              <test-case description="review pass advances" name="Stage 8 — Per-Worktree Review.review pass advances" time="0.0388" asserts="0" success="True" result="Success" executed="True" />
              <test-case description="review fail triggers Claude fix, double-pass, re-review" name="Stage 8 — Per-Worktree Review.review fail triggers Claude fix, double-pass, re-review" time="0.0435" asserts="0" success="True" result="Success" executed="True" />
              <test-case description="after ReviewFail: wtDoublePassRetries=0 AND wtConsecPasses=0 (R2-1)" name="Stage 8 — Per-Worktree Review.after ReviewFail: wtDoublePassRetries=0 AND wtConsecPasses=0 (R2-1)" time="0.0441" asserts="0" success="True" result="Success" executed="True" />
              <test-case description="KeepGoing mid-tier: advance + reset counters (R2-2)" name="Stage 8 — Per-Worktree Review.KeepGoing mid-tier: advance + reset counters (R2-2)" time="0.0652" asserts="0" success="True" result="Success" executed="True" />
              <test-case description="KeepGoing last-task: advance to merge WITHOUT counter reset (R2-2)" name="Stage 8 — Per-Worktree Review.KeepGoing last-task: advance to merge WITHOUT counter reset (R2-2)" time="0.0466" asserts="0" success="True" result="Success" executed="True" />
              <test-case description="lock held during PerWT_DoublePass (S2)" name="Stage 8 — Per-Worktree Review.lock held during PerWT_DoublePass (S2)" time="0.035" asserts="0" success="True" result="Success" executed="True" />
              <test-case description="lock held during PerWT_Review (S2)" name="Stage 8 — Per-Worktree Review.lock held during PerWT_Review (S2)" time="0.0369" asserts="0" success="True" result="Success" executed="True" />
            </results>
          </test-suite>
          <test-suite type="TestFixture" name="Stage 8 — Sequential Merge" executed="True" result="Success" success="True" time="3.7279" asserts="0" description="Stage 8 — Sequential Merge">
            <results>
              <test-case description="worktrees merge in task number order (T1, T2, T3)" name="Stage 8 — Sequential Merge.worktrees merge in task number order (T1, T2, T3)" time="0.0408" asserts="0" success="True" result="Success" executed="True" />
              <test-case description="clean merge proceeds without intervention" name="Stage 8 — Sequential Merge.clean merge proceeds without intervention" time="0.0341" asserts="0" success="True" result="Success" executed="True" />
              <test-case description="merge conflict sent to Claude for resolution" name="Stage 8 — Sequential Merge.merge conflict sent to Claude for resolution" time="0.0411" asserts="0" success="True" result="Success" executed="True" />
              <test-case description="double-pass runs on feature branch after conflict resolution" name="Stage 8 — Sequential Merge.double-pass runs on feature branch after conflict resolution" time="0.0423" asserts="0" success="True" result="Success" executed="True" />
              <test-case description="double-pass failure after conflict sends output to Claude" name="Stage 8 — Sequential Merge.double-pass failure after conflict sends output to Claude" time="0.0513" asserts="0" success="True" result="Success" executed="True" />
              <test-case description="MaxDoublePassRetries after conflict escalates to user" name="Stage 8 — Sequential Merge.MaxDoublePassRetries after conflict escalates to user" time="0.0523" asserts="0" success="True" result="Success" executed="True" />
              <test-case description="Keep Going after conflict continues merge sequence" name="Stage 8 — Sequential Merge.Keep Going after conflict continues merge sequence" time="0.0416" asserts="0" success="True" result="Success" executed="True" />
              <test-case description="Stop after conflict halts pipeline" name="Stage 8 — Sequential Merge.Stop after conflict halts pipeline" time="0.042" asserts="0" success="True" result="Success" executed="True" />
              <test-case description="unresolvable conflict escalates with file list" name="Stage 8 — Sequential Merge.unresolvable conflict escalates with file list" time="0.04" asserts="0" success="True" result="Success" executed="True" />
              <test-case description="NO re-review after conflict (S7) — never enters review phase" name="Stage 8 — Sequential Merge.NO re-review after conflict (S7) — never enters review phase" time="0.0424" asserts="0" success="True" result="Success" executed="True" />
              <test-case description="merge conflict on T1 (first task, pristine base) (R1-2)" name="Stage 8 — Sequential Merge.merge conflict on T1 (first task, pristine base) (R1-2)" time="0.041" asserts="0" success="True" result="Success" executed="True" />
              <test-case description="merge conflict on T2+ after T1 merged (R1-2)" name="Stage 8 — Sequential Merge.merge conflict on T2+ after T1 merged (R1-2)" time="0.0443" asserts="0" success="True" result="Success" executed="True" />
              <test-case description="mergeDoublePassRetries never exceeds max (S3)" name="Stage 8 — Sequential Merge.mergeDoublePassRetries never exceeds max (S3)" time="0.0466" asserts="0" success="True" result="Success" executed="True" />
              <test-case description="mergeConsecPasses never exceeds 2 (S6)" name="Stage 8 — Sequential Merge.mergeConsecPasses never exceeds 2 (S6)" time="0.0405" asserts="0" success="True" result="Success" executed="True" />
              <test-case description="lock held during SequentialMerge (S2)" name="Stage 8 — Sequential Merge.lock held during SequentialMerge (S2)" time="0.0326" asserts="0" success="True" result="Success" executed="True" />
              <test-case description="lock held during MergeConflictDP (S2)" name="Stage 8 — Sequential Merge.lock held during MergeConflictDP (S2)" time="0.0434" asserts="0" success="True" result="Success" executed="True" />
            </results>
          </test-suite>
          <test-suite type="TestFixture" name="Stage 8 — Rollback" executed="True" result="Success" success="True" time="3.8183" asserts="0" description="Stage 8 — Rollback">
            <results>
              <test-case description="Stop: feature branch reset to pre-merge checkpoint (R1-6)" name="Stage 8 — Rollback.Stop: feature branch reset to pre-merge checkpoint (R1-6)" time="0.0421" asserts="0" success="True" result="Success" executed="True" />
              <test-case description="rollback preserves prior tier merges (R1-6)" name="Stage 8 — Rollback.rollback preserves prior tier merges (R1-6)" time="0.0439" asserts="0" success="True" result="Success" executed="True" />
            </results>
          </test-suite>
          <test-suite type="TestFixture" name="Stage 8 — Worktree Cleanup" executed="True" result="Success" success="True" time="3.9438" asserts="0" description="Stage 8 — Worktree Cleanup">
            <results>
              <test-case description="checkpoint-first: marker written BEFORE worktree removal (R2-8)" name="Stage 8 — Worktree Cleanup.checkpoint-first: marker written BEFORE worktree removal (R2-8)" time="0.0318" asserts="0" success="True" result="Success" executed="True" />
              <test-case description="all worktrees removed after merge" name="Stage 8 — Worktree Cleanup.all worktrees removed after merge" time="0.0321" asserts="0" success="True" result="Success" executed="True" />
              <test-case description="removal failure logs warning, does not halt" name="Stage 8 — Worktree Cleanup.removal failure logs warning, does not halt" time="0.0317" asserts="0" success="True" result="Success" executed="True" />
              <test-case description="no worktrees — skip gates, proceed to global" name="Stage 8 — Worktree Cleanup.no worktrees — skip gates, proceed to global" time="0.0255" asserts="0" success="True" result="Success" executed="True" />
            </results>
          </test-suite>
          <test-suite type="TestFixture" name="Stage 8 — Global Double-Pass" executed="True" result="Success" success="True" time="4.2006" asserts="0" description="Stage 8 — Global Double-Pass">
            <results>
              <test-case description="succeeds after 2 consecutive passes" name="Stage 8 — Global Double-Pass.succeeds after 2 consecutive passes" time="0.0316" asserts="0" success="True" result="Success" executed="True" />
              <test-case description="failure sends output to Claude" name="Stage 8 — Global Double-Pass.failure sends output to Claude" time="0.0344" asserts="0" success="True" result="Success" executed="True" />
              <test-case description="MaxDoublePassRetries=5 escalates" name="Stage 8 — Global Double-Pass.MaxDoublePassRetries=5 escalates" time="0.0335" asserts="0" success="True" result="Success" executed="True" />
              <test-case description="Keep Going after escalation logs and proceeds to global review" name="Stage 8 — Global Double-Pass.Keep Going after escalation logs and proceeds to global review" time="0.0269" asserts="0" success="True" result="Success" executed="True" />
              <test-case description="Stop after escalation halts and releases lock" name="Stage 8 — Global Double-Pass.Stop after escalation halts and releases lock" time="0.0342" asserts="0" success="True" result="Success" executed="True" />
              <test-case description="glDoublePassRetries never exceeds max (S3)" name="Stage 8 — Global Double-Pass.glDoublePassRetries never exceeds max (S3)" time="0.0293" asserts="0" success="True" result="Success" executed="True" />
              <test-case description="glConsecPasses never exceeds 2 (S6)" name="Stage 8 — Global Double-Pass.glConsecPasses never exceeds 2 (S6)" time="0.0316" asserts="0" success="True" result="Success" executed="True" />
              <test-case description="lock held during GlobalDoublePass (S2)" name="Stage 8 — Global Double-Pass.lock held during GlobalDoublePass (S2)" time="0.0306" asserts="0" success="True" result="Success" executed="True" />
            </results>
          </test-suite>
          <test-suite type="TestFixture" name="Stage 8 — Global Review" executed="True" result="Success" success="True" time="4.3922" asserts="0" description="Stage 8 — Global Review">
            <results>
              <test-case description="global reviewers dispatched with full diff against base branch" name="Stage 8 — Global Review.global reviewers dispatched with full diff against base branch" time="0.0336" asserts="0" success="True" result="Success" executed="True" />
              <test-case description="review pass completes Stage 8 and releases lock" name="Stage 8 — Global Review.review pass completes Stage 8 and releases lock" time="0.029" asserts="0" success="True" result="Success" executed="True" />
              <test-case description="review blocker triggers fix cycle (Claude fix, double-pass, re-review)" name="Stage 8 — Global Review.review blocker triggers fix cycle (Claude fix, double-pass, re-review)" time="0.0407" asserts="0" success="True" result="Success" executed="True" />
              <test-case description="after GlobalReviewFail: glDoublePassRetries=0 AND glConsecPasses=0 (R2-1)" name="Stage 8 — Global Review.after GlobalReviewFail: glDoublePassRetries=0 AND glConsecPasses=0 (R2-1)" time="0.0395" asserts="0" success="True" result="Success" executed="True" />
              <test-case description="lock held during GlobalReview (S2)" name="Stage 8 — Global Review.lock held during GlobalReview (S2)" time="0.0347" asserts="0" success="True" result="Success" executed="True" />
            </results>
          </test-suite>
          <test-suite type="TestFixture" name="Stage 8 — Pipeline Completion" executed="True" result="Success" success="True" time="4.5224" asserts="0" description="Stage 8 — Pipeline Completion">
            <results>
              <test-case description="PIPELINE COMPLETE marker logged on success" name="Stage 8 — Pipeline Completion.PIPELINE COMPLETE marker logged on success" time="0.0321" asserts="0" success="True" result="Success" executed="True" />
              <test-case description="PIPELINE HALTED marker logged on stop" name="Stage 8 — Pipeline Completion.PIPELINE HALTED marker logged on stop" time="0.024" asserts="0" success="True" result="Success" executed="True" />
              <test-case description="lock released in all terminal paths (S1)" name="Stage 8 — Pipeline Completion.lock released in all terminal paths (S1)" time="0.0251" asserts="0" success="True" result="Success" executed="True" />
              <test-case description="phase=Complete implies outcome=complete (S5)" name="Stage 8 — Pipeline Completion.phase=Complete implies outcome=complete (S5)" time="0.02" asserts="0" success="True" result="Success" executed="True" />
              <test-case description="phase=Halted implies outcome=halted (S5)" name="Stage 8 — Pipeline Completion.phase=Halted implies outcome=halted (S5)" time="0.0205" asserts="0" success="True" result="Success" executed="True" />
            </results>
          </test-suite>
          <test-suite type="TestFixture" name="Stage 8 — Escalation Paths" executed="True" result="Success" success="True" time="4.8125" asserts="0" description="Stage 8 — Escalation Paths">
            <results>
              <test-case description="returns halted_doublepass when GlobalDoublePass escalates" name="Stage 8 — Escalation Paths.returns halted_doublepass when GlobalDoublePass escalates" time="0.0732" asserts="0" success="True" result="Success" executed="True" />
              <test-case description="returns halted_review when GlobalReview escalates" name="Stage 8 — Escalation Paths.returns halted_review when GlobalReview escalates" time="0.0671" asserts="0" success="True" result="Success" executed="True" />
              <test-case description="returns halted_gate when PerWorktreeGate escalates" name="Stage 8 — Escalation Paths.returns halted_gate when PerWorktreeGate escalates" time="0.0757" asserts="0" success="True" result="Success" executed="True" />
              <test-case description="returns halted_merge when SequentialMerge escalates" name="Stage 8 — Escalation Paths.returns halted_merge when SequentialMerge escalates" time="0.0697" asserts="0" success="True" result="Success" executed="True" />
            </results>
          </test-suite>
        </results>
      </test-suite>
      <test-suite type="TestFixture" name="C:\Users\glove\projects\ethang-monorepo\packages\vibe-cli\tests\config-review-gate.Tests.ps1" executed="True" result="Success" success="True" time="0.1091" asserts="0" description="C:\Users\glove\projects\ethang-monorepo\packages\vibe-cli\tests\config-review-gate.Tests.ps1">
        <results>
          <test-suite type="TestFixture" name="Review gate default values" executed="True" result="Success" success="True" time="0.0113" asserts="0" description="Review gate default values">
            <results>
              <test-case description="NumTasks defaults to 1" name="Review gate default values.NumTasks defaults to 1" time="0.0068" asserts="0" success="True" result="Success" executed="True" />
            </results>
          </test-suite>
          <test-suite type="TestFixture" name="Get-PipelineConfig returns immutable snapshot" executed="True" result="Success" success="True" time="0.0229" asserts="0" description="Get-PipelineConfig returns immutable snapshot">
            <results>
              <test-case description="returns a ReadOnlyDictionary that cannot be mutated" name="Get-PipelineConfig returns immutable snapshot.returns a ReadOnlyDictionary that cannot be mutated" time="0.0047" asserts="0" success="True" result="Success" executed="True" />
              <test-case description="subsequent calls return independent snapshots" name="Get-PipelineConfig returns immutable snapshot.subsequent calls return independent snapshots" time="0.0026" asserts="0" success="True" result="Success" executed="True" />
            </results>
          </test-suite>
          <test-suite type="TestFixture" name="Environment variable overrides" executed="True" result="Success" success="True" time="0.0304" asserts="0" description="Environment variable overrides">
            <results>
              <test-case description="VIBE_NUM_TASKS overrides NumTasks" name="Environment variable overrides.VIBE_NUM_TASKS overrides NumTasks" time="0.0031" asserts="0" success="True" result="Success" executed="True" />
            </results>
          </test-suite>
          <test-suite type="TestFixture" name="Config rejects zero or negative values at load time" executed="True" result="Success" success="True" time="0.0425" asserts="0" description="Config rejects zero or negative values at load time">
            <results>
              <test-case description="throws when NumTasks is 0" name="Config rejects zero or negative values at load time.throws when NumTasks is 0" time="0.0049" asserts="0" success="True" result="Success" executed="True" />
              <test-case description="throws when NumTasks is negative" name="Config rejects zero or negative values at load time.throws when NumTasks is negative" time="0.0029" asserts="0" success="True" result="Success" executed="True" />
            </results>
          </test-suite>
        </results>
      </test-suite>
      <test-suite type="TestFixture" name="C:\Users\glove\projects\ethang-monorepo\packages\vibe-cli\tests\config.Tests.ps1" executed="True" result="Success" success="True" time="0.2918" asserts="0" description="C:\Users\glove\projects\ethang-monorepo\packages\vibe-cli\tests\config.Tests.ps1">
        <results>
          <test-suite type="TestFixture" name="Write-PipelineLog" executed="True" result="Success" success="True" time="0.0434" asserts="0" description="Write-PipelineLog">
            <results>
              <test-case description="writes a timestamped line to the log file" name="Write-PipelineLog.writes a timestamped line to the log file" time="0.0199" asserts="0" success="True" result="Success" executed="True" />
              <test-case description="appends multiple lines" name="Write-PipelineLog.appends multiple lines" time="0.0193" asserts="0" success="True" result="Success" executed="True" />
            </results>
          </test-suite>
          <test-suite type="TestFixture" name="Invoke-VerifyCommand" executed="True" result="Success" success="True" time="0.0913" asserts="0" description="Invoke-VerifyCommand">
            <results>
              <test-case description="splits and executes valid commands via call operator" name="Invoke-VerifyCommand.splits and executes valid commands via call operator" time="0.0085" asserts="0" success="True" result="Success" executed="True" />
              <test-case description="returns 0 when LASTEXITCODE is null after execution" name="Invoke-VerifyCommand.returns 0 when LASTEXITCODE is null after execution" time="0.0044" asserts="0" success="True" result="Success" executed="True" />
              <test-case description="returns scalar integer when command writes stdout and exits 0" name="Invoke-VerifyCommand.returns scalar integer when command writes stdout and exits 0" time="0.0064" asserts="0" success="True" result="Success" executed="True" />
              <test-case description="returns scalar integer when command writes stdout and exits non-zero" name="Invoke-VerifyCommand.returns scalar integer when command writes stdout and exits non-zero" time="0.0085" asserts="0" success="True" result="Success" executed="True" />
              <test-case description="does not leak command output into return value" name="Invoke-VerifyCommand.does not leak command output into return value" time="0.0069" asserts="0" success="True" result="Success" executed="True" />
              <test-case description="exit code 0 with stdout does not falsely trigger -ne 0 check" name="Invoke-VerifyCommand.exit code 0 with stdout does not falsely trigger -ne 0 check" time="0.004" asserts="0" success="True" result="Success" executed="True" />
            </results>
          </test-suite>
          <test-suite type="TestFixture" name="Invoke-ScopedTestVerify" executed="True" result="Success" success="True" time="0.1415" asserts="0" description="Invoke-ScopedTestVerify">
            <results>
              <test-case description="returns 0 when all tests pass" name="Invoke-ScopedTestVerify.returns 0 when all tests pass" time="0.0161" asserts="0" success="True" result="Success" executed="True" />
              <test-case description="returns 1 when tests fail" name="Invoke-ScopedTestVerify.returns 1 when tests fail" time="0.0116" asserts="0" success="True" result="Success" executed="True" />
              <test-case description="uses Push-Location/Pop-Location when WorkingDirectory is specified" name="Invoke-ScopedTestVerify.uses Push-Location/Pop-Location when WorkingDirectory is specified" time="0.0181" asserts="0" success="True" result="Success" executed="True" />
            </results>
          </test-suite>
          <test-suite type="TestFixture" name="Invoke-VerifyCommand with WorkingDirectory" executed="True" result="Success" success="True" time="0.1754" asserts="0" description="Invoke-VerifyCommand with WorkingDirectory">
            <results>
              <test-case description="changes directory when WorkingDirectory is provided" name="Invoke-VerifyCommand with WorkingDirectory.changes directory when WorkingDirectory is provided" time="0.0256" asserts="0" success="True" result="Success" executed="True" />
            </results>
          </test-suite>
          <test-suite type="TestFixture" name="New-RunId" executed="True" result="Success" success="True" time="0.1882" asserts="0" description="New-RunId">
            <results>
              <test-case description="matches format yyyyMMddTHHmmss-4hex" name="New-RunId.matches format yyyyMMddTHHmmss-4hex" time="0.0034" asserts="0" success="True" result="Success" executed="True" />
              <test-case description="generates unique values on consecutive calls" name="New-RunId.generates unique values on consecutive calls" time="0.0021" asserts="0" success="True" result="Success" executed="True" />
              <test-case description="timestamp portion reflects current time" name="New-RunId.timestamp portion reflects current time" time="0.003" asserts="0" success="True" result="Success" executed="True" />
            </results>
          </test-suite>
          <test-suite type="TestFixture" name="Get-RunIdFromLog" executed="True" result="Success" success="True" time="0.2221" asserts="0" description="Get-RunIdFromLog">
            <results>
              <test-case description="extracts runId from PIPELINE START line" name="Get-RunIdFromLog.extracts runId from PIPELINE START line" time="0.0055" asserts="0" success="True" result="Success" executed="True" />
              <test-case description="throws when log file does not exist" name="Get-RunIdFromLog.throws when log file does not exist" time="0.0038" asserts="0" success="True" result="Success" executed="True" />
              <test-case description="throws when log has no PIPELINE START line" name="Get-RunIdFromLog.throws when log has no PIPELINE START line" time="0.0042" asserts="0" success="True" result="Success" executed="True" />
              <test-case description="throws on malformed runId — missing hex suffix" name="Get-RunIdFromLog.throws on malformed runId — missing hex suffix" time="0.0041" asserts="0" success="True" result="Success" executed="True" />
              <test-case description="throws on truncated runId" name="Get-RunIdFromLog.throws on truncated runId" time="0.004" asserts="0" success="True" result="Success" executed="True" />
              <test-case description="rejects runId with extra characters after valid portion" name="Get-RunIdFromLog.rejects runId with extra characters after valid portion" time="0.0044" asserts="0" success="True" result="Success" executed="True" />
              <test-case description="extracts runId from multi-line log" name="Get-RunIdFromLog.extracts runId from multi-line log" time="0.0035" asserts="0" success="True" result="Success" executed="True" />
            </results>
          </test-suite>
        </results>
      </test-suite>
      <test-suite type="TestFixture" name="C:\Users\glove\projects\ethang-monorepo\packages\vibe-cli\tests\contract-alignment.Tests.ps1" executed="True" result="Success" success="True" time="0.1641" asserts="0" description="C:\Users\glove\projects\ethang-monorepo\packages\vibe-cli\tests\contract-alignment.Tests.ps1">
        <results>
          <test-suite type="TestFixture" name="Alignment: ConvertTo-TaskResult vs TaskResultContract" executed="True" result="Success" success="True" time="0.0276" asserts="0" description="Alignment: ConvertTo-TaskResult vs TaskResultContract">
            <results>
              <test-case description="both accept valid completed task" name="Alignment: ConvertTo-TaskResult vs TaskResultContract.both accept valid completed task" time="0.0068" asserts="0" success="True" result="Success" executed="True" />
              <test-case description="both accept valid running task" name="Alignment: ConvertTo-TaskResult vs TaskResultContract.both accept valid running task" time="0.0024" asserts="0" success="True" result="Success" executed="True" />
              <test-case description="both accept valid escalated task" name="Alignment: ConvertTo-TaskResult vs TaskResultContract.both accept valid escalated task" time="0.0023" asserts="0" success="True" result="Success" executed="True" />
              <test-case description="both reject invalid phase" name="Alignment: ConvertTo-TaskResult vs TaskResultContract.both reject invalid phase" time="0.0043" asserts="0" success="True" result="Success" executed="True" />
              <test-case description="both reject missing TaskId" name="Alignment: ConvertTo-TaskResult vs TaskResultContract.both reject missing TaskId" time="0.0032" asserts="0" success="True" result="Success" executed="True" />
              <test-case description="both reject invalid status" name="Alignment: ConvertTo-TaskResult vs TaskResultContract.both reject invalid status" time="0.0038" asserts="0" success="True" result="Success" executed="True" />
            </results>
          </test-suite>
          <test-suite type="TestFixture" name="Alignment: ConvertTo-MergeResult vs MergeResultContract" executed="True" result="Success" success="True" time="0.0506" asserts="0" description="Alignment: ConvertTo-MergeResult vs MergeResultContract">
            <results>
              <test-case description="both accept valid success merge" name="Alignment: ConvertTo-MergeResult vs MergeResultContract.both accept valid success merge" time="0.0051" asserts="0" success="True" result="Success" executed="True" />
              <test-case description="both accept valid conflict merge" name="Alignment: ConvertTo-MergeResult vs MergeResultContract.both accept valid conflict merge" time="0.0066" asserts="0" success="True" result="Success" executed="True" />
              <test-case description="both reject missing TaskId" name="Alignment: ConvertTo-MergeResult vs MergeResultContract.both reject missing TaskId" time="0.0034" asserts="0" success="True" result="Success" executed="True" />
              <test-case description="both reject missing Success" name="Alignment: ConvertTo-MergeResult vs MergeResultContract.both reject missing Success" time="0.0034" asserts="0" success="True" result="Success" executed="True" />
            </results>
          </test-suite>
          <test-suite type="TestFixture" name="Alignment: ConvertTo-EscalationResult vs EscalationResultContract" executed="True" result="Success" success="True" time="0.0708" asserts="0" description="Alignment: ConvertTo-EscalationResult vs EscalationResultContract">
            <results>
              <test-case description="both accept KeepGoing from task" name="Alignment: ConvertTo-EscalationResult vs EscalationResultContract.both accept KeepGoing from task" time="0.0044" asserts="0" success="True" result="Success" executed="True" />
              <test-case description="both accept Stop from merge" name="Alignment: ConvertTo-EscalationResult vs EscalationResultContract.both accept Stop from merge" time="0.0027" asserts="0" success="True" result="Success" executed="True" />
              <test-case description="both accept NoOp from final" name="Alignment: ConvertTo-EscalationResult vs EscalationResultContract.both accept NoOp from final" time="0.0025" asserts="0" success="True" result="Success" executed="True" />
              <test-case description="both reject invalid decision" name="Alignment: ConvertTo-EscalationResult vs EscalationResultContract.both reject invalid decision" time="0.0032" asserts="0" success="True" result="Success" executed="True" />
              <test-case description="both reject invalid source" name="Alignment: ConvertTo-EscalationResult vs EscalationResultContract.both reject invalid source" time="0.003" asserts="0" success="True" result="Success" executed="True" />
            </results>
          </test-suite>
        </results>
      </test-suite>
      <test-suite type="TestFixture" name="C:\Users\glove\projects\ethang-monorepo\packages\vibe-cli\tests\contract-consumer.Tests.ps1" executed="True" result="Success" success="True" time="0.231" asserts="0" description="C:\Users\glove\projects\ethang-monorepo\packages\vibe-cli\tests\contract-consumer.Tests.ps1">
        <results>
          <test-suite type="TestFixture" name="Consumer: Review Gate expects Verdict contract" executed="True" result="Success" success="True" time="0.021" asserts="0" description="Consumer: Review Gate expects Verdict contract">
            <results>
              <test-case description="accepts a pass verdict with no blockers" name="Consumer: Review Gate expects Verdict contract.accepts a pass verdict with no blockers" time="0.0041" asserts="0" success="True" result="Success" executed="True" />
              <test-case description="accepts a fail verdict with blockers" name="Consumer: Review Gate expects Verdict contract.accepts a fail verdict with blockers" time="0.002" asserts="0" success="True" result="Success" executed="True" />
              <test-case description="rejects verdict with missing Verdict field" name="Consumer: Review Gate expects Verdict contract.rejects verdict with missing Verdict field" time="0.0024" asserts="0" success="True" result="Success" executed="True" />
              <test-case description="rejects fail verdict with empty blockers (BDD cross-field)" name="Consumer: Review Gate expects Verdict contract.rejects fail verdict with empty blockers (BDD cross-field)" time="0.0018" asserts="0" success="True" result="Success" executed="True" />
              <test-case description="rejects pass verdict with blockers (BDD cross-field)" name="Consumer: Review Gate expects Verdict contract.rejects pass verdict with blockers (BDD cross-field)" time="0.0016" asserts="0" success="True" result="Success" executed="True" />
              <test-case description="rejects invalid verdict value" name="Consumer: Review Gate expects Verdict contract.rejects invalid verdict value" time="0.0017" asserts="0" success="True" result="Success" executed="True" />
            </results>
          </test-suite>
          <test-suite type="TestFixture" name="Consumer: Orchestrator expects TaskResult contract" executed="True" result="Success" success="True" time="0.0308" asserts="0" description="Consumer: Orchestrator expects TaskResult contract">
            <results>
              <test-case description="accepts valid completed task result" name="Consumer: Orchestrator expects TaskResult contract.accepts valid completed task result" time="0.0018" asserts="0" success="True" result="Success" executed="True" />
              <test-case description="rejects invalid phase" name="Consumer: Orchestrator expects TaskResult contract.rejects invalid phase" time="0.0021" asserts="0" success="True" result="Success" executed="True" />
              <test-case description="rejects phase=done with status=running (cross-field)" name="Consumer: Orchestrator expects TaskResult contract.rejects phase=done with status=running (cross-field)" time="0.0018" asserts="0" success="True" result="Success" executed="True" />
            </results>
          </test-suite>
          <test-suite type="TestFixture" name="Consumer: Pipeline expects MergeResult contract" executed="True" result="Success" success="True" time="0.0381" asserts="0" description="Consumer: Pipeline expects MergeResult contract">
            <results>
              <test-case description="accepts valid merge result" name="Consumer: Pipeline expects MergeResult contract.accepts valid merge result" time="0.0017" asserts="0" success="True" result="Success" executed="True" />
              <test-case description="rejects missing Success field" name="Consumer: Pipeline expects MergeResult contract.rejects missing Success field" time="0.0016" asserts="0" success="True" result="Success" executed="True" />
            </results>
          </test-suite>
          <test-suite type="TestFixture" name="Consumer: Escalation handler expects EscalationResult contract" executed="True" result="Success" success="True" time="0.0482" asserts="0" description="Consumer: Escalation handler expects EscalationResult contract">
            <results>
              <test-case description="accepts valid KeepGoing decision" name="Consumer: Escalation handler expects EscalationResult contract.accepts valid KeepGoing decision" time="0.0019" asserts="0" success="True" result="Success" executed="True" />
              <test-case description="accepts valid Stop decision with source" name="Consumer: Escalation handler expects EscalationResult contract.accepts valid Stop decision with source" time="0.0022" asserts="0" success="True" result="Success" executed="True" />
              <test-case description="rejects invalid decision" name="Consumer: Escalation handler expects EscalationResult contract.rejects invalid decision" time="0.002" asserts="0" success="True" result="Success" executed="True" />
            </results>
          </test-suite>
          <test-suite type="TestFixture" name="Consumer: ReviewFixCycle expects ReviewFixInput contract" executed="True" result="Success" success="True" time="0.061" asserts="0" description="Consumer: ReviewFixCycle expects ReviewFixInput contract">
            <results>
              <test-case description="accepts valid fix input with blockers" name="Consumer: ReviewFixCycle expects ReviewFixInput contract.accepts valid fix input with blockers" time="0.0025" asserts="0" success="True" result="Success" executed="True" />
              <test-case description="rejects empty blockers (BDD cross-field)" name="Consumer: ReviewFixCycle expects ReviewFixInput contract.rejects empty blockers (BDD cross-field)" time="0.0058" asserts="0" success="True" result="Success" executed="True" />
[...]
            </results>
          </test-suite>
        </results>
      </test-suite>
      <test-suite type="TestFixture" name="C:\Users\glove\projects\ethang-monorepo\packages\vibe-cli\tests\validate-plan.Tests.ps1" executed="True" result="Success" success="True" time="0.3763" asserts="0" description="C:\Users\glove\projects\ethang-monorepo\packages\vibe-cli\tests\validate-plan.Tests.ps1">
        <results>
          <test-suite type="TestFixture" name="Test-ImplementationPlan" executed="True" result="Success" success="True" time="0.2629" asserts="0" description="Test-ImplementationPlan">
            <results>
              <test-case description="returns valid for a correct plan" name="Test-ImplementationPlan.returns valid for a correct plan" time="0.0361" asserts="0" success="True" result="Success" executed="True" />
              <test-case description="detects intra-tier dependency" name="Test-ImplementationPlan.detects intra-tier dependency" time="0.0277" asserts="0" success="True" result="Success" executed="True" />
              <test-case description="allows null codeWriter for test-only tasks" name="Test-ImplementationPlan.allows null codeWriter for test-only tasks" time="0.0296" asserts="0" success="True" result="Success" executed="True" />
              <test-case description="detects missing dependency target" name="Test-ImplementationPlan.detects missing dependency target" time="0.0258" asserts="0" success="True" result="Success" executed="True" />
              <test-case description="detects duplicate task IDs" name="Test-ImplementationPlan.detects duplicate task IDs" time="0.0254" asserts="0" success="True" result="Success" executed="True" />
              <test-case description="returns valid for empty plan (zero tiers)" name="Test-ImplementationPlan.returns valid for empty plan (zero tiers)" time="0.0031" asserts="0" success="True" result="Success" executed="True" />
              <test-case description="adds file-overlap warnings" name="Test-ImplementationPlan.adds file-overlap warnings" time="0.0332" asserts="0" success="True" result="Success" executed="True" />
              <test-case description="fails on missing plan file" name="Test-ImplementationPlan.fails on missing plan file" time="0.0033" asserts="0" success="True" result="Success" executed="True" />
              <test-case description="fails on invalid JSON" name="Test-ImplementationPlan.fails on invalid JSON" time="0.0041" asserts="0" success="True" result="Success" executed="True" />
              <test-case description="detects task missing id field" name="Test-ImplementationPlan.detects task missing id field" time="0.0274" asserts="0" success="True" result="Success" executed="True" />
              <test-case description="detects task missing required fields" name="Test-ImplementationPlan.detects task missing required fields" time="0.0281" asserts="0" success="True" result="Success" executed="True" />
            </results>
          </test-suite>
          <test-suite type="TestFixture" name="New-PipelineLock" executed="True" result="Success" success="True" time="0.3029" asserts="0" description="New-PipelineLock">
            <results>
              <test-case description="creates a lock file with PID and RunId" name="New-PipelineLock.creates a lock file with PID and RunId" time="0.0061" asserts="0" success="True" result="Success" executed="True" />
              <test-case description="rejects concurrent creation when lock is held by live process" name="New-PipelineLock.rejects concurrent creation when lock is held by live process" time="0.0048" asserts="0" success="True" result="Success" executed="True" />
              <test-case description="cleans stale lock with dead PID" name="New-PipelineLock.cleans stale lock with dead PID" time="0.0057" asserts="0" success="True" result="Success" executed="True" />
            </results>
          </test-suite>
          <test-suite type="TestFixture" name="Remove-PipelineLock" executed="True" result="Success" success="True" time="0.3117" asserts="0" description="Remove-PipelineLock">
            <results>
              <test-case description="removes an existing lock file" name="Remove-PipelineLock.removes an existing lock file" time="0.0028" asserts="0" success="True" result="Success" executed="True" />
              <test-case description="is a no-op for non-existent file" name="Remove-PipelineLock.is a no-op for non-existent file" time="0.0022" asserts="0" success="True" result="Success" executed="True" />
            </results>
          </test-suite>
        </results>
      </test-suite>
      <test-suite type="TestFixture" name="C:\Users\glove\projects\ethang-monorepo\packages\vibe-cli\tests\vibe-wiring.Tests.ps1" executed="True" result="Success" success="True" time="0.0687" asserts="0" description="C:\Users\glove\projects\ethang-monorepo\packages\vibe-cli\tests\vibe-wiring.Tests.ps1">
        <results>
          <test-suite type="TestFixture" name="vibe.ps1 wiring (7-stage pipeline)" executed="True" result="Success" success="True" time="0.028" asserts="0" description="vibe.ps1 wiring (7-stage pipeline)">
            <results>
              <test-case description="dot-sources all 7 stage scripts" name="vibe.ps1 wiring (7-stage pipeline).dot-sources all 7 stage scripts" time="0.0043" asserts="0" success="True" result="Success" executed="True" />
              <test-case description="does not reference old stage scripts" name="vibe.ps1 wiring (7-stage pipeline).does not reference old stage scripts" time="0.0032" asserts="0" success="True" result="Success" executed="True" />
              <test-case description="has -Resume switch parameter and no -Stage param in top block" name="vibe.ps1 wiring (7-stage pipeline).has -Resume switch parameter and no -Stage param in top block" time="0.002" asserts="0" success="True" result="Success" executed="True" />
              <test-case description="dot-sources resolve-pipeline-state.ps1" name="vibe.ps1 wiring (7-stage pipeline).dot-sources resolve-pipeline-state.ps1" time="0.0016" asserts="0" success="True" result="Success" executed="True" />
              <test-case description="dot-sources unified-debate-loop.ps1" name="vibe.ps1 wiring (7-stage pipeline).dot-sources unified-debate-loop.ps1" time="0.0016" asserts="0" success="True" result="Success" executed="True" />
              <test-case description="dot-sources invoke-parallel.ps1" name="vibe.ps1 wiring (7-stage pipeline).dot-sources invoke-parallel.ps1" time="0.0015" asserts="0" success="True" result="Success" executed="True" />
              <test-case description="runs stages in sequential order 1 through 7" name="vibe.ps1 wiring (7-stage pipeline).runs stages in sequential order 1 through 7" time="0.0082" asserts="0" success="True" result="Success" executed="True" />
              <test-case description="calls Resolve-PipelineState for inter-stage validation" name="vibe.ps1 wiring (7-stage pipeline).calls Resolve-PipelineState for inter-stage validation" time="0.0018" asserts="0" success="True" result="Success" executed="True" />
            </results>
          </test-suite>
        </results>
      </test-suite>
      <test-suite type="TestFixture" name="C:\Users\glove\projects\ethang-monorepo\packages\vibe-cli\tests\vibe.Tests.ps1" executed="True" result="Success" success="True" time="0.2713" asserts="0" description="C:\Users\glove\projects\ethang-monorepo\packages\vibe-cli\tests\vibe.Tests.ps1">
        <results>
          <test-suite type="TestFixture" name="vibe.ps1 parameter validation" executed="True" result="Success" success="True" time="0.2085" asserts="0" description="vibe.ps1 parameter validation">
            <results>
              <test-case description="throws when no Seed provided for fresh run" name="vibe.ps1 parameter validation.throws when no Seed provided for fresh run" time="0.1019" asserts="0" success="True" result="Success" executed="True" />
              <test-case description="throws when both Seed and -Resume are provided" name="vibe.ps1 parameter validation.throws when both Seed and -Resume are provided" time="0.0966" asserts="0" success="True" result="Success" executed="True" />
            </results>
          </test-suite>
          <test-suite type="TestFixture" name="debate-loop.ps1 debateSchema" executed="True" result="Success" success="True" time="0.2215" asserts="0" description="debate-loop.ps1 debateSchema">
            <results>
              <test-case description="has valid JSON debate schema" name="debate-loop.ps1 debateSchema.has valid JSON debate schema" time="0.009" asserts="0" success="True" result="Success" executed="True" />
            </results>
          </test-suite>
        </results>
      </test-suite>
      <test-suite type="TestFixture" name="C:\Users\glove\projects\ethang-monorepo\packages\vibe-cli\tests\warden-config.Tests.ps1" executed="True" result="Success" success="True" time="0.3058" asserts="0" description="C:\Users\glove\projects\ethang-monorepo\packages\vibe-cli\tests\warden-config.Tests.ps1">
        <results>
          <test-suite type="TestFixture" name="Set-WardenScope" executed="True" result="Success" success="True" time="0.117" asserts="0" description="Set-WardenScope">
            <results>
              <test-case description="creates warden.yaml in worktree .claude directory" name="Set-WardenScope.creates warden.yaml in worktree .claude directory" time="0.0264" asserts="0" success="True" result="Success" executed="True" />
              <test-case description="warden config references worktree path for write access" name="Set-WardenScope.warden config references worktree path for write access" time="0.0213" asserts="0" success="True" result="Success" executed="True" />
              <test-case description="warden config includes read-only repo access" name="Set-WardenScope.warden config includes read-only repo access" time="0.0235" asserts="0" success="True" result="Success" executed="True" />
              <test-case description="each task has independent warden scope" name="Set-WardenScope.each task has independent warden scope" time="0.042" asserts="0" success="True" result="Success" executed="True" />
            </results>
          </test-suite>
          <test-suite type="TestFixture" name="Remove-WardenScope" executed="True" result="Success" success="True" time="0.2281" asserts="0" description="Remove-WardenScope">
            <results>
              <test-case description="removes .claude directory from worktree" name="Remove-WardenScope.removes .claude directory from worktree" time="0.0375" asserts="0" success="True" result="Success" executed="True" />
              <test-case description="returns unconfigured state" name="Remove-WardenScope.returns unconfigured state" time="0.0358" asserts="0" success="True" result="Success" executed="True" />
              <test-case description="is idempotent — no error on missing .claude dir" name="Remove-WardenScope.is idempotent — no error on missing .claude dir" time="0.0342" asserts="0" success="True" result="Success" executed="True" />
            </results>
          </test-suite>
          <test-suite type="TestFixture" name="Test-WardenActive" executed="True" result="Success" success="True" time="0.2599" asserts="0" description="Test-WardenActive">
            <results>
              <test-case description="returns true when warden.yaml exists" name="Test-WardenActive.returns true when warden.yaml exists" time="0.0148" asserts="0" success="True" result="Success" executed="True" />
              <test-case description="returns false when warden.yaml does not exist" name="Test-WardenActive.returns false when warden.yaml does not exist" time="0.0131" asserts="0" success="True" result="Success" executed="True" />
            </results>
          </test-suite>
        </results>
      </test-suite>
      <test-suite type="TestFixture" name="C:\Users\glove\projects\ethang-monorepo\packages\vibe-cli\tests\workspace.Tests.ps1" executed="True" result="Success" success="True" time="0.4778" asserts="0" description="C:\Users\glove\projects\ethang-monorepo\packages\vibe-cli\tests\workspace.Tests.ps1">
        <results>
          <test-suite type="TestFixture" name="New-TaskWorkspace" executed="True" result="Success" success="True" time="0.0794" asserts="0" description="New-TaskWorkspace">
            <results>
              <test-case description="creates worktree for single-task tier (always-worktree rule)" name="New-TaskWorkspace.creates worktree for single-task tier (always-worktree rule)" time="0.0099" asserts="0" success="True" result="Success" executed="True" />
              <test-case description="worktree path format is .worktrees/feature-taskId-runId" name="New-TaskWorkspace.worktree path format is .worktrees/feature-taskId-runId" time="0.0037" asserts="0" success="True" result="Success" executed="True" />
              <test-case description="throws when worktree path exceeds 248 characters (MAX_PATH)" name="New-TaskWorkspace.throws when worktree path exceeds 248 characters (MAX_PATH)" time="0.0032" asserts="0" success="True" result="Success" executed="True" />
              <test-case description="creates worktrees for multi-task tier" name="New-TaskWorkspace.creates worktrees for multi-task tier" time="0.0058" asserts="0" success="True" result="Success" executed="True" />
              <test-case description="calls git worktree prune first" name="New-TaskWorkspace.calls git worktree prune first" time="0.0114" asserts="0" success="True" result="Success" executed="True" />
              <test-case description="uses branch naming convention with truncated RunId" name="New-TaskWorkspace.uses branch naming convention with truncated RunId" time="0.0083" asserts="0" success="True" result="Success" executed="True" />
              <test-case description="rolls back on creation failure" name="New-TaskWorkspace.rolls back on creation failure" time="0.0169" asserts="0" success="True" result="Success" executed="True" />
              <test-case description="includes OrphanedWorktrees on rollback failure" name="New-TaskWorkspace.includes OrphanedWorktrees on rollback failure" time="0.011" asserts="0" success="True" result="Success" executed="True" />
            </results>
          </test-suite>
          <test-suite type="TestFixture" name="Remove-TaskWorkspace" executed="True" result="Success" success="True" time="0.0929" asserts="0" description="Remove-TaskWorkspace">
            <results>
              <test-case description="calls git worktree remove and branch delete" name="Remove-TaskWorkspace.calls git worktree remove and branch delete" time="0.0064" asserts="0" success="True" result="Success" executed="True" />
            </results>
          </test-suite>
          <test-suite type="TestFixture" name="Test-WorkspaceExist" executed="True" result="Success" success="True" time="0.1137" asserts="0" description="Test-WorkspaceExist">
            <results>
              <test-case description="returns true for existing path" name="Test-WorkspaceExist.returns true for existing path" time="0.0157" asserts="0" success="True" result="Success" executed="True" />
              <test-case description="returns false for non-existent path" name="Test-WorkspaceExist.returns false for non-existent path" time="0.0016" asserts="0" success="True" result="Success" executed="True" />
            </results>
          </test-suite>
          <test-suite type="TestFixture" name="Install-WorktreeDep" executed="True" result="Success" success="True" time="0.2252" asserts="0" description="Install-WorktreeDep">
            <results>
              <test-case description="sets tddIter to 1 on successful install" name="Install-WorktreeDep.sets tddIter to 1 on successful install" time="0.0346" asserts="0" success="True" result="Success" executed="True" />
              <test-case description="skips install when no pnpm-lock.yaml" name="Install-WorktreeDep.skips install when no pnpm-lock.yaml" time="0.0146" asserts="0" success="True" result="Success" executed="True" />
              <test-case description="marks task DepsInstallFailed on error" name="Install-WorktreeDep.marks task DepsInstallFailed on error" time="0.0293" asserts="0" success="True" result="Success" executed="True" />
              <test-case description="with MaxTddCycles=3 and tddIter=1, exactly 2 retries available" name="Install-WorktreeDep.with MaxTddCycles=3 and tddIter=1, exactly 2 retries available" time="0.0294" asserts="0" success="True" result="Success" executed="True" />
            </results>
          </test-suite>
          <test-suite type="TestFixture" name="Reset-WorktreeState" executed="True" result="Success" success="True" time="0.3864" asserts="0" description="Reset-WorktreeState">
            <results>
              <test-case description="runs git checkout and clean on dirty worktree" name="Reset-WorktreeState.runs git checkout and clean on dirty worktree" time="0.0228" asserts="0" success="True" result="Success" executed="True" />
              <test-case description="recovers via index lock removal when checkout fails" name="Reset-WorktreeState.recovers via index lock removal when checkout fails" time="0.0264" asserts="0" success="True" result="Success" executed="True" />
              <test-case description="recreates worktree when checkout and clean both fail" name="Reset-WorktreeState.recreates worktree when checkout and clean both fail" time="0.0211" asserts="0" success="True" result="Success" executed="True" />
              <test-case description="throws when branch cannot be determined" name="Reset-WorktreeState.throws when branch cannot be determined" time="0.0219" asserts="0" success="True" result="Success" executed="True" />
              <test-case description="throws when worktree re-add fails" name="Reset-WorktreeState.throws when worktree re-add fails" time="0.0259" asserts="0" success="True" result="Success" executed="True" />
              <test-case description="logs warning when dirty files exist" name="Reset-WorktreeState.logs warning when dirty files exist" time="0.0369" asserts="0" success="True" result="Success" executed="True" />
            </results>
          </test-suite>
        </results>
      </test-suite>
      <test-suite type="TestFixture" name="C:\Users\glove\projects\ethang-monorepo\packages\vibe-cli\tests\helpers\claude-test-double.Tests.ps1" executed="True" result="Success" success="True" time="0.0695" asserts="0" description="C:\Users\glove\projects\ethang-monorepo\packages\vibe-cli\tests\helpers\claude-test-double.Tests.ps1">
        <results>
          <test-suite type="TestFixture" name="Invoke-ClaudeTestDouble" executed="True" result="Success" success="True" time="0.0263" asserts="0" description="Invoke-ClaudeTestDouble">
            <results>
              <test-case description="has the same parameter names as real Invoke-Claude" name="Invoke-ClaudeTestDouble.has the same parameter names as real Invoke-Claude" time="0.0067" asserts="0" success="True" result="Success" executed="True" />
              <test-case description="returns correct schema shape" name="Invoke-ClaudeTestDouble.returns correct schema shape" time="0.0021" asserts="0" success="True" result="Success" executed="True" />
              <test-case description="accepts parameter binding without errors" name="Invoke-ClaudeTestDouble.accepts parameter binding without errors" time="0.0018" asserts="0" success="True" result="Success" executed="True" />
              <test-case description="supports sequential response injection pattern" name="Invoke-ClaudeTestDouble.supports sequential response injection pattern" time="0.0119" asserts="0" success="True" result="Success" executed="True" />
            </results>
          </test-suite>
        </results>
      </test-suite>
    </results>
  </test-suite>
</test-results>