<?xml version="1.0" encoding="utf-8" standalone="no"?>
<test-results xmlns:xsi="http://www.w3.org/2001/XMLSchema-instance" xsi:noNamespaceSchemaLocation="nunit_schema_2.5.xsd" name="Pester" total="2380" errors="0" failures="2" not-run="0" inconclusive="0" ignored="0" skipped="0" invalid="0" date="2026-04-19" time="15:57:42">
  <environment cwd="C:\Users\glove\projects\ethang-monorepo\packages\vibe-cli" machine-name="ETHANG" user="glove" platform="Microsoft Windows 11 Pro|C:\WINDOWS|\Device\Harddisk0\Partition3" user-domain="ETHANG" os-version="10.0.26200" clr-version="9.0.14" nunit-version="2.5.8.0" />
  <culture-info current-culture="en-US" current-uiculture="en-US" />
  <test-suite type="TestFixture" name="Pester" executed="True" result="Failure" success="False" time="144.6224" asserts="0" description="Pester">
    <results>
      <test-suite type="TestFixture" name="C:\Users\glove\projects\ethang-monorepo\packages\vibe-cli\tests\1-elicitor.Tests.ps1" executed="True" result="Success" success="True" time="0.8063" asserts="0" description="C:\Users\glove\projects\ethang-monorepo\packages\vibe-cli\tests\1-elicitor.Tests.ps1">
        <results>
          <test-suite type="TestFixture" name="Invoke-Elicitor stage completion marker" executed="True" result="Success" success="True" time="0.4268" asserts="0" description="Invoke-Elicitor stage completion marker">
            <results>
              <test-case description="writes STAGE_COMPLETE:1: marker on success" name="Invoke-Elicitor stage completion marker.writes STAGE_COMPLETE:1: marker on success" time="0.279" asserts="0" success="True" result="Success" executed="True" />
              <test-case description="does NOT write STAGE_COMPLETE:1 marker when elicitor fails" name="Invoke-Elicitor stage completion marker.does NOT write STAGE_COMPLETE:1 marker when elicitor fails" time="0.0927" asserts="0" success="True" result="Success" executed="True" />
            </results>
          </test-suite>
        </results>
      </test-suite>
      <test-suite type="TestFixture" name="C:\Users\glove\projects\ethang-monorepo\packages\vibe-cli\tests\2-parallel-writers.Tests.ps1" executed="True" result="Success" success="True" time="1.4424" asserts="0" description="C:\Users\glove\projects\ethang-monorepo\packages\vibe-cli\tests\2-parallel-writers.Tests.ps1">
        <results>
          <test-suite type="TestFixture" name="Invoke-ParallelWriter (Stage 2 — bus path)" executed="True" result="Success" success="True" time="0.8989" asserts="0" description="Invoke-ParallelWriter (Stage 2 — bus path)">
            <results>
              <test-case description="calls Start-BusAgent for bdd and tla writers" name="Invoke-ParallelWriter (Stage 2 — bus path).calls Start-BusAgent for bdd and tla writers" time="0.2459" asserts="0" success="True" result="Success" executed="True" />
              <test-case description="writes STAGE_COMPLETE:2 marker on success" name="Invoke-ParallelWriter (Stage 2 — bus path).writes STAGE_COMPLETE:2 marker on success" time="0.0944" asserts="0" success="True" result="Success" executed="True" />
              <test-case description="returns Success=$true on group completion" name="Invoke-ParallelWriter (Stage 2 — bus path).returns Success=$true on group completion" time="0.0674" asserts="0" success="True" result="Success" executed="True" />
              <test-case description="returns result shape with Success, GherkinFile, TlaFile, TlaDir keys" name="Invoke-ParallelWriter (Stage 2 — bus path).returns result shape with Success, GherkinFile, TlaFile, TlaDir keys" time="0.0783" asserts="0" success="True" result="Success" executed="True" />
              <test-case description="throws when elicitor.md does not exist (#23)" name="Invoke-ParallelWriter (Stage 2 — bus path).throws when elicitor.md does not exist (#23)" time="0.0701" asserts="0" success="True" result="Success" executed="True" />
              <test-case description="returns GherkinFile path when bdd.feature exists" name="Invoke-ParallelWriter (Stage 2 — bus path).returns GherkinFile path when bdd.feature exists" time="0.1215" asserts="0" success="True" result="Success" executed="True" />
              <test-case description="returns null GherkinFile when bdd.feature absent" name="Invoke-ParallelWriter (Stage 2 — bus path).returns null GherkinFile when bdd.feature absent" time="0.0635" asserts="0" success="True" result="Success" executed="True" />
              <test-case description="calls New-BusGroup with ExpectedCount=2" name="Invoke-ParallelWriter (Stage 2 — bus path).calls New-BusGroup with ExpectedCount=2" time="0.0879" asserts="0" success="True" result="Success" executed="True" />
              <test-case description="calls Wait-BusGroup once" name="Invoke-ParallelWriter (Stage 2 — bus path).calls Wait-BusGroup once" time="0.0627" asserts="0" success="True" result="Success" executed="True" />
            </results>
          </test-suite>
        </results>
      </test-suite>
      <test-suite type="TestFixture" name="C:\Users\glove\projects\ethang-monorepo\packages\vibe-cli\tests\3-unified-debate.Tests.ps1" executed="True" result="Success" success="True" time="0.9771" asserts="0" description="C:\Users\glove\projects\ethang-monorepo\packages\vibe-cli\tests\3-unified-debate.Tests.ps1">
        <results>
          <test-suite type="TestFixture" name="Invoke-UnifiedDebateStage (Stage 3 — bus path)" executed="True" result="Success" success="True" time="0.7983" asserts="0" description="Invoke-UnifiedDebateStage (Stage 3 — bus path)">
            <results>
              <test-case description="calls Start-BusAgent with unified-moderator agent id" name="Invoke-UnifiedDebateStage (Stage 3 — bus path).calls Start-BusAgent with unified-moderator agent id" time="0.1059" asserts="0" success="True" result="Success" executed="True" />
              <test-case description="writes STAGE_COMPLETE:3 on bus dispatch" name="Invoke-UnifiedDebateStage (Stage 3 — bus path).writes STAGE_COMPLETE:3 on bus dispatch" time="0.1068" asserts="0" success="True" result="Success" executed="True" />
              <test-case description="returns Success=$true on bus dispatch" name="Invoke-UnifiedDebateStage (Stage 3 — bus path).returns Success=$true on bus dispatch" time="0.0833" asserts="0" success="True" result="Success" executed="True" />
              <test-case description="returns result with Success and Result keys" name="Invoke-UnifiedDebateStage (Stage 3 — bus path).returns result with Success and Result keys" time="0.0824" asserts="0" success="True" result="Success" executed="True" />
              <test-case description="calls New-BusGroup with ExpectedCount=1" name="Invoke-UnifiedDebateStage (Stage 3 — bus path).calls New-BusGroup with ExpectedCount=1" time="0.0919" asserts="0" success="True" result="Success" executed="True" />
              <test-case description="calls Wait-BusGroup once" name="Invoke-UnifiedDebateStage (Stage 3 — bus path).calls Wait-BusGroup once" time="0.0924" asserts="0" success="True" result="Success" executed="True" />
              <test-case description="emits stage_started event" name="Invoke-UnifiedDebateStage (Stage 3 — bus path).emits stage_started event" time="0.1153" asserts="0" success="True" result="Success" executed="True" />
              <test-case description="emits stage_completed event" name="Invoke-UnifiedDebateStage (Stage 3 — bus path).emits stage_completed event" time="0.1099" asserts="0" success="True" result="Success" executed="True" />
            </results>
          </test-suite>
        </results>
      </test-suite>
      <test-suite type="TestFixture" name="C:\Users\glove\projects\ethang-monorepo\packages\vibe-cli\tests\4-post-debate.Tests.ps1" executed="True" result="Success" success="True" time="1.0575" asserts="0" description="C:\Users\glove\projects\ethang-monorepo\packages\vibe-cli\tests\4-post-debate.Tests.ps1">
        <results>
          <test-suite type="TestFixture" name="Invoke-PostDebate (Stage 4)" executed="True" result="Success" success="True" time="0.9429" asserts="0" description="Invoke-PostDebate (Stage 4)">
            <results>
              <test-case description="generates fixture JSON from bdd.feature" name="Invoke-PostDebate (Stage 4).generates fixture JSON from bdd.feature" time="0.2048" asserts="0" success="True" result="Success" executed="True" />
              <test-case description="writes STAGE_COMPLETE:4 marker on success" name="Invoke-PostDebate (Stage 4).writes STAGE_COMPLETE:4 marker on success" time="0.1355" asserts="0" success="True" result="Success" executed="True" />
              <test-case description="fails when bdd.feature is missing" name="Invoke-PostDebate (Stage 4).fails when bdd.feature is missing" time="0.0955" asserts="0" success="True" result="Success" executed="True" />
              <test-case description="fails when bdd.feature contains invalid Gherkin" name="Invoke-PostDebate (Stage 4).fails when bdd.feature contains invalid Gherkin" time="0.1301" asserts="0" success="True" result="Success" executed="True" />
              <test-case description="validates cumulative artifacts before executing" name="Invoke-PostDebate (Stage 4).validates cumulative artifacts before executing" time="0.1105" asserts="0" success="True" result="Success" executed="True" />
              <test-case description="returns failure when bdd.feature missing but Resolve-PipelineState passes" name="Invoke-PostDebate (Stage 4).returns failure when bdd.feature missing but Resolve-PipelineState passes" time="0.094" asserts="0" success="True" result="Success" executed="True" />
              <test-case description="returns failure when Export-BddFixture throws" name="Invoke-PostDebate (Stage 4).returns failure when Export-BddFixture throws" time="0.1611" asserts="0" success="True" result="Success" executed="True" />
            </results>
          </test-suite>
        </results>
      </test-suite>
      <test-suite type="TestFixture" name="C:\Users\glove\projects\ethang-monorepo\packages\vibe-cli\tests\6-implementation-debate.Tests.ps1" executed="True" result="Success" success="True" time="3.8715" asserts="0" description="C:\Users\glove\projects\ethang-monorepo\packages\vibe-cli\tests\6-implementation-debate.Tests.ps1">
        <results>
          <test-suite type="TestFixture" name="Invoke-ImplementationDebateStage (Stage 6 — bus path)" executed="True" result="Success" success="True" time="1.6669" asserts="0" description="Invoke-ImplementationDebateStage (Stage 6 — bus path)">
            <results>
              <test-case description="writes STAGE_COMPLETE:6 marker on success" name="Invoke-ImplementationDebateStage (Stage 6 — bus path).writes STAGE_COMPLETE:6 marker on success" time="1.2459" asserts="0" success="True" result="Success" executed="True" />
              <test-case description="calls Start-BusAgent for moderator" name="Invoke-ImplementationDebateStage (Stage 6 — bus path).calls Start-BusAgent for moderator" time="0.1405" asserts="0" success="True" result="Success" executed="True" />
              <test-case description="returns Success=$true on completion" name="Invoke-ImplementationDebateStage (Stage 6 — bus path).returns Success=$true on completion" time="0.1074" asserts="0" success="True" result="Success" executed="True" />
              <test-case description="returns Success=$false when TlaFile is missing" name="Invoke-ImplementationDebateStage (Stage 6 — bus path).returns Success=$false when TlaFile is missing" time="0.0818" asserts="0" success="True" result="Success" executed="True" />
              <test-case description="calls Wait-BusGroup once" name="Invoke-ImplementationDebateStage (Stage 6 — bus path).calls Wait-BusGroup once" time="0.0833" asserts="0" success="True" result="Success" executed="True" />
            </results>
          </test-suite>
        </results>
      </test-suite>
      <test-suite type="TestFixture" name="C:\Users\glove\projects\ethang-monorepo\packages\vibe-cli\tests\6-implementation-writer.Tests.ps1" executed="True" result="Success" success="True" time="0.5279" asserts="0" description="C:\Users\glove\projects\ethang-monorepo\packages\vibe-cli\tests\6-implementation-writer.Tests.ps1">
        <results>
          <test-suite type="TestFixture" name="Invoke-ImplementationWriterStage explicit paths" executed="True" result="Success" success="True" time="0.0468" asserts="0" description="Invoke-ImplementationWriterStage explicit paths">
            <results>
              <test-case description="accepts -BddFeaturePath parameter" name="Invoke-ImplementationWriterStage explicit paths.accepts -BddFeaturePath parameter" time="0.0052" asserts="0" success="True" result="Success" executed="True" />
              <test-case description="accepts -TlaSpecPath parameter" name="Invoke-ImplementationWriterStage explicit paths.accepts -TlaSpecPath parameter" time="0.0085" asserts="0" success="True" result="Success" executed="True" />
              <test-case description="works without BddFeaturePath (optional param)" name="Invoke-ImplementationWriterStage explicit paths.works without BddFeaturePath (optional param)" time="0.0072" asserts="0" success="True" result="Success" executed="True" />
              <test-case description="works without TlaSpecPath (optional param)" name="Invoke-ImplementationWriterStage explicit paths.works without TlaSpecPath (optional param)" time="0.0043" asserts="0" success="True" result="Success" executed="True" />
            </results>
          </test-suite>
          <test-suite type="TestFixture" name="Invoke-ImplementationWriterStage execution" executed="True" result="Success" success="True" time="0.4201" asserts="0" description="Invoke-ImplementationWriterStage execution">
            <results>
              <test-case description="writes STAGE_COMPLETE:5 marker and returns Success on happy path" name="Invoke-ImplementationWriterStage execution.writes STAGE_COMPLETE:5 marker and returns Success on happy path" time="0.1043" asserts="0" success="True" result="Success" executed="True" />
              <test-case description="throws when Invoke-Claude does not produce implementation-plan.md" name="Invoke-ImplementationWriterStage execution.throws when Invoke-Claude does not produce implementation-plan.md" time="0.0944" asserts="0" success="True" result="Success" executed="True" />
              <test-case description="returns Success=$false when validation fails (missing elicitor.md)" name="Invoke-ImplementationWriterStage execution.returns Success=$false when validation fails (missing elicitor.md)" time="0.0655" asserts="0" success="True" result="Success" executed="True" />
              <test-case description="reads unified debate content when present" name="Invoke-ImplementationWriterStage execution.reads unified debate content when present" time="0.1013" asserts="0" success="True" result="Success" executed="True" />
            </results>
          </test-suite>
        </results>
      </test-suite>
      <test-suite type="TestFixture" name="C:\Users\glove\projects\ethang-monorepo\packages\vibe-cli\tests\8-coding.Tests.ps1" executed="True" result="Success" success="True" time="0.3112" asserts="0" description="C:\Users\glove\projects\ethang-monorepo\packages\vibe-cli\tests\8-coding.Tests.ps1">
        <results>
          <test-suite type="TestFixture" name="Tier Completion Counter (ConcurrentDictionary)" executed="True" result="Success" success="True" time="0.2478" asserts="0" description="Tier Completion Counter (ConcurrentDictionary)">
            <results>
              <test-case description="creates empty ConcurrentDictionary" name="Tier Completion Counter (ConcurrentDictionary).creates empty ConcurrentDictionary" time="0.0154" asserts="0" success="True" result="Success" executed="True" />
              <test-case description="atomically increments via AddOrUpdate" name="Tier Completion Counter (ConcurrentDictionary).atomically increments via AddOrUpdate" time="0.0104" asserts="0" success="True" result="Success" executed="True" />
              <test-case description="correct count after concurrent increments from parallel runspaces" name="Tier Completion Counter (ConcurrentDictionary).correct count after concurrent increments from parallel runspaces" time="0.1804" asserts="0" success="True" result="Success" executed="True" />
              <test-case description="AnyTaskInTierSucceeded: 1 of 3 succeed -&gt; tier advances" name="Tier Completion Counter (ConcurrentDictionary).AnyTaskInTierSucceeded: 1 of 3 succeed -&gt; tier advances" time="0.0045" asserts="0" success="True" result="Success" executed="True" />
              <test-case description="TierAllFailed: 0 of 3 succeed -&gt; halt" name="Tier Completion Counter (ConcurrentDictionary).TierAllFailed: 0 of 3 succeed -&gt; halt" time="0.0025" asserts="0" success="True" result="Success" executed="True" />
              <test-case description="2 of 3 succeed -&gt; tier advances" name="Tier Completion Counter (ConcurrentDictionary).2 of 3 succeed -&gt; tier advances" time="0.0019" asserts="0" success="True" result="Success" executed="True" />
              <test-case description="no task reaches escalated state" name="Tier Completion Counter (ConcurrentDictionary).no task reaches escalated state" time="0.003" asserts="0" success="True" result="Success" executed="True" />
            </results>
          </test-suite>
        </results>
      </test-suite>
      <test-suite type="TestFixture" name="C:\Users\glove\projects\ethang-monorepo\packages\vibe-cli\tests\abort-cleanup.Tests.ps1" executed="True" result="Success" success="True" time="0.8612" asserts="0" description="C:\Users\glove\projects\ethang-monorepo\packages\vibe-cli\tests\abort-cleanup.Tests.ps1">
        <results>
          <test-suite type="TestFixture" name="Invoke-AbortCleanup" executed="True" result="Success" success="True" time="0.7908" asserts="0" description="Invoke-AbortCleanup">
            <results>
              <test-case description="writes ABORT marker before lock release" name="Invoke-AbortCleanup.writes ABORT marker before lock release" time="0.0629" asserts="0" success="True" result="Success" executed="True" />
              <test-case description="terminates agent processes" name="Invoke-AbortCleanup.terminates agent processes" time="0.0547" asserts="0" success="True" result="Success" executed="True" />
              <test-case description="resets mergeState from waiting to failed" name="Invoke-AbortCleanup.resets mergeState from waiting to failed" time="0.0346" asserts="0" success="True" result="Success" executed="True" />
              <test-case description="resets mergeState from merging to failed" name="Invoke-AbortCleanup.resets mergeState from merging to failed" time="0.0394" asserts="0" success="True" result="Success" executed="True" />
              <test-case description="removes active worktrees sequentially" name="Invoke-AbortCleanup.removes active worktrees sequentially" time="0.0773" asserts="0" success="True" result="Success" executed="True" />
              <test-case description="releases pipeline lock" name="Invoke-AbortCleanup.releases pipeline lock" time="0.0431" asserts="0" success="True" result="Success" executed="True" />
              <test-case description="is best-effort — one failure does not stop others" name="Invoke-AbortCleanup.is best-effort — one failure does not stop others" time="0.0532" asserts="0" success="True" result="Success" executed="True" />
              <test-case description="post-cleanup invariant: no task has mergeState waiting/merging when cleanup done" name="Invoke-AbortCleanup.post-cleanup invariant: no task has mergeState waiting/merging when cleanup done" time="0.038" asserts="0" success="True" result="Success" executed="True" />
              <test-case description="handles zero active worktrees gracefully" name="Invoke-AbortCleanup.handles zero active worktrees gracefully" time="0.0399" asserts="0" success="True" result="Success" executed="True" />
              <test-case description="catches ABORT marker write error and records it" name="Invoke-AbortCleanup.catches ABORT marker write error and records it" time="0.0445" asserts="0" success="True" result="Success" executed="True" />
              <test-case description="catches agent terminate error and records taskId in error" name="Invoke-AbortCleanup.catches agent terminate error and records taskId in error" time="0.0479" asserts="0" success="True" result="Success" executed="True" />
              <test-case description="aborts in-progress merge when .git exists" name="Invoke-AbortCleanup.aborts in-progress merge when .git exists" time="0.0742" asserts="0" success="True" result="Success" executed="True" />
              <test-case description="catches merge abort error and records taskId in error" name="Invoke-AbortCleanup.catches merge abort error and records taskId in error" time="0.0518" asserts="0" success="True" result="Success" executed="True" />
              <test-case description="catches lock release error and records it" name="Invoke-AbortCleanup.catches lock release error and records it" time="0.118" asserts="0" success="True" result="Success" executed="True" />
            </results>
          </test-suite>
        </results>
      </test-suite>
      <test-suite type="TestFixture" name="C:\Users\glove\projects\ethang-monorepo\packages\vibe-cli\tests\agent-writer.Tests.ps1" executed="True" result="Success" success="True" time="0.2629" asserts="0" description="C:\Users\glove\projects\ethang-monorepo\packages\vibe-cli\tests\agent-writer.Tests.ps1">
        <results>
          <test-suite type="TestFixture" name="Invoke-AgentWriter" executed="True" result="Success" success="True" time="0.1422" asserts="0" description="Invoke-AgentWriter">
            <results>
              <test-case description="returns completed on successful dispatch" name="Invoke-AgentWriter.returns completed on successful dispatch" time="0.0333" asserts="0" success="True" result="Success" executed="True" />
              <test-case description="escalates on infrastructure failure" name="Invoke-AgentWriter.escalates on infrastructure failure" time="0.0113" asserts="0" success="True" result="Success" executed="True" />
              <test-case description="escalates on null response" name="Invoke-AgentWriter.escalates on null response" time="0.0095" asserts="0" success="True" result="Success" executed="True" />
              <test-case description="calls Invoke-Claude exactly once" name="Invoke-AgentWriter.calls Invoke-Claude exactly once" time="0.0167" asserts="0" success="True" result="Success" executed="True" />
              <test-case description="does not call Invoke-VerifyCommand" name="Invoke-AgentWriter.does not call Invoke-VerifyCommand" time="0.0158" asserts="0" success="True" result="Success" executed="True" />
              <test-case description="skips re-dispatch when already completed" name="Invoke-AgentWriter.skips re-dispatch when already completed" time="0.0425" asserts="0" success="True" result="Success" executed="True" />
            </results>
          </test-suite>
        </results>
      </test-suite>
      <test-suite type="TestFixture" name="C:\Users\glove\projects\ethang-monorepo\packages\vibe-cli\tests\close-hook.Tests.ps1" executed="True" result="Success" success="True" time="0.4474" asserts="0" description="C:\Users\glove\projects\ethang-monorepo\packages\vibe-cli\tests\close-hook.Tests.ps1">
        <results>
          <test-suite type="TestFixture" name="Invoke-CloseHook — successful tsx run (Test 1)" executed="True" result="Success" success="True" time="0.0221" asserts="0" description="Invoke-CloseHook — successful tsx run (Test 1)">
            <results>
              <test-case description="increments agentsCompleted by 1 after successful tsx run (S18, S25)" name="Invoke-CloseHook — successful tsx run (Test 1).increments agentsCompleted by 1 after successful tsx run (S18, S25)" time="0.0118" asserts="0" success="True" result="Success" executed="True" />
            </results>
          </test-suite>
          <test-suite type="TestFixture" name="Invoke-CloseHook — failing tsx run (Test 2)" executed="True" result="Success" success="True" time="0.0411" asserts="0" description="Invoke-CloseHook — failing tsx run (Test 2)">
            <results>
              <test-case description="still increments agentsCompleted AND marks markdownState stale on tsx failure (GraphWriteFail)" name="Invoke-CloseHook — failing tsx run (Test 2).still increments agentsCompleted AND marks markdownState stale on tsx failure (GraphWriteFail)" time="0.0106" asserts="0" success="True" result="Success" executed="True" />
            </results>
          </test-suite>
          <test-suite type="TestFixture" name="Invoke-CloseHook — agentsCompleted incremented only AFTER tsx exits (Test 3)" executed="True" result="Success" success="True" time="0.0563" asserts="0" description="Invoke-CloseHook — agentsCompleted incremented only AFTER tsx exits (Test 3)">
            <results>
              <test-case description="does not increment agentsCompleted before tsx runner executes (S32 CloseHookPrecedesNextEpoch)" name="Invoke-CloseHook — agentsCompleted incremented only AFTER tsx exits (Test 3).does not increment agentsCompleted before tsx runner executes (S32 CloseHookPrecedesNextEpoch)" time="0.0056" asserts="0" success="True" result="Success" executed="True" />
            </results>
          </test-suite>
          <test-suite type="TestFixture" name="Invoke-CloseHook — timeout handling (Test 4)" executed="True" result="Success" success="True" time="0.0812" asserts="0" description="Invoke-CloseHook — timeout handling (Test 4)">
            <results>
              <test-case description="kills hung tsx, emits WARN message, and still increments agentsCompleted" name="Invoke-CloseHook — timeout handling (Test 4).kills hung tsx, emits WARN message, and still increments agentsCompleted" time="0.0131" asserts="0" success="True" result="Success" executed="True" />
            </results>
          </test-suite>
          <test-suite type="TestFixture" name="Invoke-CloseHook — halted pipeline (Test 5)" executed="True" result="Success" success="True" time="0.0963" asserts="0" description="Invoke-CloseHook — halted pipeline (Test 5)">
            <results>
              <test-case description="does NOT increment agentsCompleted and does NOT modify markdownState when pipeline is halted (GraphHaltCleanup)" name="Invoke-CloseHook — halted pipeline (Test 5).does NOT increment agentsCompleted and does NOT modify markdownState when pipeline is halted (GraphHaltCleanup)" time="0.0065" asserts="0" success="True" result="Success" executed="True" />
            </results>
          </test-suite>
          <test-suite type="TestFixture" name="Import-GraphState — default state when no file exists (Test 7)" executed="True" result="Success" success="True" time="0.115" asserts="0" description="Import-GraphState — default state when no file exists (Test 7)">
            <results>
              <test-case description="returns zero defaults when env var points to non-existent file" name="Import-GraphState — default state when no file exists (Test 7).returns zero defaults when env var points to non-existent file" time="0.0087" asserts="0" success="True" result="Success" executed="True" />
            </results>
          </test-suite>
          <test-suite type="TestFixture" name="Import-GraphState — reads state from existing file (Test 8)" executed="True" result="Success" success="True" time="0.1401" asserts="0" description="Import-GraphState — reads state from existing file (Test 8)">
            <results>
              <test-case description="returns persisted values when state file exists" name="Import-GraphState — reads state from existing file (Test 8).returns persisted values when state file exists" time="0.0144" asserts="0" success="True" result="Success" executed="True" />
            </results>
          </test-suite>
          <test-suite type="TestFixture" name="Save-GraphState — persists state (Test 9)" executed="True" result="Success" success="True" time="0.1621" asserts="0" description="Save-GraphState — persists state (Test 9)">
            <results>
              <test-case description="writes state JSON to the env-var path" name="Save-GraphState — persists state (Test 9).writes state JSON to the env-var path" time="0.0136" asserts="0" success="True" result="Success" executed="True" />
            </results>
          </test-suite>
          <test-suite type="TestFixture" name="Invoke-CloseHook — real tsx success path (Test 10)" executed="True" result="Success" success="True" time="0.1986" asserts="0" description="Invoke-CloseHook — real tsx success path (Test 10)">
            <results>
              <test-case description="executes the tsx process path and marks markdown current on success" name="Invoke-CloseHook — real tsx success path (Test 10).executes the tsx process path and marks markdown current on success" time="0.0243" asserts="0" success="True" result="Success" executed="True" />
            </results>
          </test-suite>
          <test-suite type="TestFixture" name="Invoke-CloseHook — real tsx timeout kill path (Test 11)" executed="True" result="Success" success="True" time="0.2287" asserts="0" description="Invoke-CloseHook — real tsx timeout kill path (Test 11)">
            <results>
              <test-case description="emits WARN and marks markdown stale when tsx process times out" name="Invoke-CloseHook — real tsx timeout kill path (Test 11).emits WARN and marks markdown stale when tsx process times out" time="0.0215" asserts="0" success="True" result="Success" executed="True" />
            </results>
          </test-suite>
          <test-suite type="TestFixture" name="Import-GraphState — default path when env var is unset" executed="True" result="Success" success="True" time="0.248" asserts="0" description="Import-GraphState — default path when env var is unset">
            <results>
              <test-case description="falls back to state/graph-state.json under the script root" name="Import-GraphState — default path when env var is unset.falls back to state/graph-state.json under the script root" time="0.0113" asserts="0" success="True" result="Success" executed="True" />
            </results>
          </test-suite>
          <test-suite type="TestFixture" name="Save-GraphState — default path and directory creation" executed="True" result="Success" success="True" time="0.295" asserts="0" description="Save-GraphState — default path and directory creation">
            <results>
              <test-case description="creates missing parent directories when writing state" name="Save-GraphState — default path and directory creation.creates missing parent directories when writing state" time="0.039" asserts="0" success="True" result="Success" executed="True" />
            </results>
          </test-suite>
          <test-suite type="TestFixture" name="Invoke-CloseHook — two consecutive close hooks (Test 6, integration)" executed="True" result="Success" success="True" time="0.3264" asserts="0" description="Invoke-CloseHook — two consecutive close hooks (Test 6, integration)">
            <results>
              <test-case description="agentsCompleted reaches 2 and graphState becomes done after both hooks complete (S25, L1)" name="Invoke-CloseHook — two consecutive close hooks (Test 6, integration).agentsCompleted reaches 2 and graphState becomes done after both hooks complete (S25, L1)" time="0.0214" asserts="0" success="True" result="Success" executed="True" />
            </results>
          </test-suite>
        </results>
      </test-suite>
      <test-suite type="TestFixture" name="C:\Users\glove\projects\ethang-monorepo\packages\vibe-cli\tests\coding-integration.Tests.ps1" executed="True" result="Success" success="True" time="9.0583" asserts="0" description="C:\Users\glove\projects\ethang-monorepo\packages\vibe-cli\tests\coding-integration.Tests.ps1">
        <results>
          <test-suite type="TestFixture" name="Stage 8 — Logging" executed="True" result="Success" success="True" time="0.1272" asserts="0" description="Stage 8 — Logging">
            <results>
              <test-case description="Write-PipelineLog writes to both console and pipeline.log when Root is provided" name="Stage 8 — Logging.Write-PipelineLog writes to both console and pipeline.log when Root is provided" time="0.0081" asserts="0" success="True" result="Success" executed="True" />
              <test-case description="Write-PipelineLog without Root does not create pipeline.log" name="Stage 8 — Logging.Write-PipelineLog without Root does not create pipeline.log" time="0.0118" asserts="0" success="True" result="Success" executed="True" />
              <test-case description="Multiple log entries append to pipeline.log" name="Stage 8 — Logging.Multiple log entries append to pipeline.log" time="0.0201" asserts="0" success="True" result="Success" executed="True" />
              <test-case description="Resume markers include MARKER prefix" name="Stage 8 — Logging.Resume markers include MARKER prefix" time="0.0145" asserts="0" success="True" result="Success" executed="True" />
              <test-case description="PIPELINE COMPLETE and HALTED markers are written by Complete-Pipeline" name="Stage 8 — Logging.PIPELINE COMPLETE and HALTED markers are written by Complete-Pipeline" time="0.0251" asserts="0" success="True" result="Success" executed="True" />
            </results>
          </test-suite>
          <test-suite type="TestFixture" name="Stage 8 — Resume" executed="True" result="Success" success="True" time="3.5306" asserts="0" description="Stage 8 — Resume">
            <results>
              <test-case description="Resume reads DB tier progress and resumes from tier N+1" name="Stage 8 — Resume.Resume reads DB tier progress and resumes from tier N+1" time="0.592" asserts="0" success="True" result="Success" executed="True" />
              <test-case description="Resume with no completed tiers in DB starts fresh with warning" name="Stage 8 — Resume.Resume with no completed tiers in DB starts fresh with warning" time="0.3491" asserts="0" success="True" result="Success" executed="True" />
              <test-case description="Resume with zero passed tiers starts fresh with warning" name="Stage 8 — Resume.Resume with zero passed tiers starts fresh with warning" time="0.3464" asserts="0" success="True" result="Success" executed="True" />
              <test-case description="Resume reclaims stale lock on lock failure" name="Stage 8 — Resume.Resume reclaims stale lock on lock failure" time="0.4152" asserts="0" success="True" result="Success" executed="True" />
              <test-case description="Resume detects and cleans up orphan worktrees" name="Stage 8 — Resume.Resume detects and cleans up orphan worktrees" time="0.4355" asserts="0" success="True" result="Success" executed="True" />
              <test-case description="Resume with all tiers complete jumps to GlobalDoublePass (R2-4)" name="Stage 8 — Resume.Resume with all tiers complete jumps to GlobalDoublePass (R2-4)" time="0.3267" asserts="0" success="True" result="Success" executed="True" />
              <test-case description="Resume skips already-merged branches during merge detection" name="Stage 8 — Resume.Resume skips already-merged branches during merge detection" time="0.3446" asserts="0" success="True" result="Success" executed="True" />
              <test-case description="Resume halts when feature branch does not exist" name="Stage 8 — Resume.Resume halts when feature branch does not exist" time="0.1415" asserts="0" success="True" result="Success" executed="True" />
              <test-case description="Resume checks out feature branch when on a different branch" name="Stage 8 — Resume.Resume checks out feature branch when on a different branch" time="0.3967" asserts="0" success="True" result="Success" executed="True" />
            </results>
          </test-suite>
          <test-suite type="TestFixture" name="Stage 8 — Feature Branch Creation" executed="True" result="Success" success="True" time="4.0049" asserts="0" description="Stage 8 — Feature Branch Creation">
            <results>
              <test-case description="Fresh run creates feature branch before locking" name="Stage 8 — Feature Branch Creation.Fresh run creates feature branch before locking" time="0.2983" asserts="0" success="True" result="Success" executed="True" />
              <test-case description="Fresh run halts when feature branch already exists" name="Stage 8 — Feature Branch Creation.Fresh run halts when feature branch already exists" time="0.1369" asserts="0" success="True" result="Success" executed="True" />
            </results>
          </test-suite>
          <test-suite type="TestFixture" name="Stage 8 — Crash Recovery" executed="True" result="Success" success="True" time="5.8533" asserts="0" description="Stage 8 — Crash Recovery">
            <results>
              <test-case description="R2-3: Zero-checkpoint crash (lastCompletedTier=0) starts fresh with warning" name="Stage 8 — Crash Recovery.R2-3: Zero-checkpoint crash (lastCompletedTier=0) starts fresh with warning" time="0.3273" asserts="0" success="True" result="Success" executed="True" />
              <test-case description="R2-4: ResumeToGlobal (lastCompletedTier=MaxTiers) jumps to GlobalDoublePass" name="Stage 8 — Crash Recovery.R2-4: ResumeToGlobal (lastCompletedTier=MaxTiers) jumps to GlobalDoublePass" time="0.3898" asserts="0" success="True" result="Success" executed="True" />
              <test-case description="R2-6: Input re-validation on resume — missing plan halts" name="Stage 8 — Crash Recovery.R2-6: Input re-validation on resume — missing plan halts" time="0.1419" asserts="0" success="True" result="Success" executed="True" />
              <test-case description="R2-6: Input re-validation on resume — missing BDD fixture halts" name="Stage 8 — Crash Recovery.R2-6: Input re-validation on resume — missing BDD fixture halts" time="0.1474" asserts="0" success="True" result="Success" executed="True" />
              <test-case description="R1-5: Idempotency — re-running completed tier is a no-op" name="Stage 8 — Crash Recovery.R1-5: Idempotency — re-running completed tier is a no-op" time="0.3599" asserts="0" success="True" result="Success" executed="True" />
              <test-case description="R1-4: Resume with orphan worktrees cleans them up" name="Stage 8 — Crash Recovery.R1-4: Resume with orphan worktrees cleans them up" time="0.4377" asserts="0" success="True" result="Success" executed="True" />
            </results>
          </test-suite>
          <test-suite type="TestFixture" name="Stage 8 — End-to-End Integration" executed="True" result="Success" success="True" time="8.295" asserts="0" description="Stage 8 — End-to-End Integration">
            <results>
              <test-case description="Full happy path: Init -&gt; dispatch all tiers -&gt; complete" name="Stage 8 — End-to-End Integration.Full happy path: Init -&gt; dispatch all tiers -&gt; complete" time="0.2841" asserts="0" success="True" result="Success" executed="True" />
              <test-case description="Crash mid-tier, resume, complete" name="Stage 8 — End-to-End Integration.Crash mid-tier, resume, complete" time="0.346" asserts="0" success="True" result="Success" executed="True" />
              <test-case description="Alternating tier sizes [3,1,2] dispatches correct number of Claude calls" name="Stage 8 — End-to-End Integration.Alternating tier sizes [3,1,2] dispatches correct number of Claude calls" time="0.3421" asserts="0" success="True" result="Success" executed="True" />
              <test-case description="L4: Lock is always released even on validation failure" name="Stage 8 — End-to-End Integration.L4: Lock is always released even on validation failure" time="0.1873" asserts="0" success="True" result="Success" executed="True" />
              <test-case description="Lock is always released even on successful completion" name="Stage 8 — End-to-End Integration.Lock is always released even on successful completion" time="0.282" asserts="0" success="True" result="Success" executed="True" />
              <test-case description="Validation failure: missing plan halts without dispatching Claude" name="Stage 8 — End-to-End Integration.Validation failure: missing plan halts without dispatching Claude" time="0.1728" asserts="0" success="True" result="Success" executed="True" />
              <test-case description="Validation failure: malformed JSON halts" name="Stage 8 — End-to-End Integration.Validation failure: malformed JSON halts" time="0.1957" asserts="0" success="True" result="Success" executed="True" />
              <test-case description="Pre-coding gate: uncommitted changes with user refusing halts pipeline" name="Stage 8 — End-to-End Integration.Pre-coding gate: uncommitted changes with user refusing halts pipeline" time="0.1507" asserts="0" success="True" result="Success" executed="True" />
              <test-case description="Lock acquisition failure returns halted_lock" name="Stage 8 — End-to-End Integration.Lock acquisition failure returns halted_lock" time="0.2021" asserts="0" success="True" result="Success" executed="True" />
              <test-case description="WorktreeCleanup writes checkpoint marker before removing worktrees" name="Stage 8 — End-to-End Integration.WorktreeCleanup writes checkpoint marker before removing worktrees" time="0.1282" asserts="0" success="True" result="Success" executed="True" />
              <test-case description="Complete-Pipeline returns correct status and timestamp" name="Stage 8 — End-to-End Integration.Complete-Pipeline returns correct status and timestamp" time="0.1156" asserts="0" success="True" result="Success" executed="True" />
            </results>
          </test-suite>
        </results>
      </test-suite>
      <test-suite type="TestFixture" name="C:\Users\glove\projects\ethang-monorepo\packages\vibe-cli\tests\coding-stage.Tests.ps1" executed="True" result="Success" success="True" time="8.727" asserts="0" description="C:\Users\glove\projects\ethang-monorepo\packages\vibe-cli\tests\coding-stage.Tests.ps1">
        <results>
          <test-suite type="TestFixture" name="Stage 8 — Pre-Coding Gate" executed="True" result="Success" success="True" time="0.6144" asserts="0" description="Stage 8 — Pre-Coding Gate">
            <results>
              <test-case description="clean tree passes gate without prompting" name="Stage 8 — Pre-Coding Gate.clean tree passes gate without prompting" time="0.2184" asserts="0" success="True" result="Success" executed="True" />
              <test-case description="dirty tree + decline halts and restores previous branch" name="Stage 8 — Pre-Coding Gate.dirty tree + decline halts and restores previous branch" time="0.1408" asserts="0" success="True" result="Success" executed="True" />
              <test-case description="dirty tree + accept auto-commits on feature branch and continues" name="Stage 8 — Pre-Coding Gate.dirty tree + accept auto-commits on feature branch and continues" time="0.2269" asserts="0" success="True" result="Success" executed="True" />
            </results>
          </test-suite>
          <test-suite type="TestFixture" name="Stage 8 — Pipeline Lock" executed="True" result="Success" success="True" time="1.4853" asserts="0" description="Stage 8 — Pipeline Lock">
            <results>
              <test-case description="calls Lock-Pipeline on entry and Unlock-Pipeline on completion" name="Stage 8 — Pipeline Lock.calls Lock-Pipeline on entry and Unlock-Pipeline on completion" time="0.2638" asserts="0" success="True" result="Success" executed="True" />
              <test-case description="does not call Unlock-Pipeline when Lock-Pipeline throws (lock never acquired)" name="Stage 8 — Pipeline Lock.does not call Unlock-Pipeline when Lock-Pipeline throws (lock never acquired)" time="0.1375" asserts="0" success="True" result="Success" executed="True" />
              <test-case description="calls Unlock-Pipeline in finally block after successful lock even on validation error" name="Stage 8 — Pipeline Lock.calls Unlock-Pipeline in finally block after successful lock even on validation error" time="0.1385" asserts="0" success="True" result="Success" executed="True" />
              <test-case description="concurrent run rejected when Lock-Pipeline throws already-running" name="Stage 8 — Pipeline Lock.concurrent run rejected when Lock-Pipeline throws already-running" time="0.1121" asserts="0" success="True" result="Success" executed="True" />
              <test-case description="stale lock reclaimed via Lock-Pipeline succeeding after stale detection" name="Stage 8 — Pipeline Lock.stale lock reclaimed via Lock-Pipeline succeeding after stale detection" time="0.1884" asserts="0" success="True" result="Success" executed="True" />
            </results>
          </test-suite>
          <test-suite type="TestFixture" name="Stage 8 — Input Validation" executed="True" result="Success" success="True" time="1.9758" asserts="0" description="Stage 8 — Input Validation">
            <results>
              <test-case description="halts when implementation-plan.json not found" name="Stage 8 — Input Validation.halts when implementation-plan.json not found" time="0.1082" asserts="0" success="True" result="Success" executed="True" />
              <test-case description="halts when plan JSON is malformed" name="Stage 8 — Input Validation.halts when plan JSON is malformed" time="0.0914" asserts="0" success="True" result="Success" executed="True" />
              <test-case description="halts when tiers array is empty" name="Stage 8 — Input Validation.halts when tiers array is empty" time="0.0814" asserts="0" success="True" result="Success" executed="True" />
              <test-case description="halts when a tier has zero tasks" name="Stage 8 — Input Validation.halts when a tier has zero tasks" time="0.0972" asserts="0" success="True" result="Success" executed="True" />
              <test-case description="halts when BDD fixture not found" name="Stage 8 — Input Validation.halts when BDD fixture not found" time="0.1032" asserts="0" success="True" result="Success" executed="True" />
            </results>
          </test-suite>
          <test-suite type="TestFixture" name="Stage 8 — Config Snapshot" executed="True" result="Success" success="True" time="2.5178" asserts="0" description="Stage 8 — Config Snapshot">
            <results>
              <test-case description="returns plan snapshot in result" name="Stage 8 — Config Snapshot.returns plan snapshot in result" time="0.1418" asserts="0" success="True" result="Success" executed="True" />
              <test-case description="snapshot is not affected by later file changes (immutability)" name="Stage 8 — Config Snapshot.snapshot is not affected by later file changes (immutability)" time="0.1463" asserts="0" success="True" result="Success" executed="True" />
              <test-case description="snapshot is idempotent across repeated reads" name="Stage 8 — Config Snapshot.snapshot is idempotent across repeated reads" time="0.2275" asserts="0" success="True" result="Success" executed="True" />
            </results>
          </test-suite>
          <test-suite type="TestFixture" name="Stage 8 — Fixture Coverage" executed="True" result="Success" success="True" time="3.3508" asserts="0" description="Stage 8 — Fixture Coverage">
            <results>
              <test-case description="all fixtures covered — check passes with no gaps" name="Stage 8 — Fixture Coverage.all fixtures covered — check passes with no gaps" time="0.21" asserts="0" success="True" result="Success" executed="True" />
              <test-case description="missing BDD fixtures — uncovered list collected" name="Stage 8 — Fixture Coverage.missing BDD fixtures — uncovered list collected" time="0.1659" asserts="0" success="True" result="Success" executed="True" />
              <test-case description="empty BDD fixture file — skip with warning" name="Stage 8 — Fixture Coverage.empty BDD fixture file — skip with warning" time="0.1516" asserts="0" success="True" result="Success" executed="True" />
              <test-case description="uses title fallback when entry has no name property" name="Stage 8 — Fixture Coverage.uses title fallback when entry has no name property" time="0.1421" asserts="0" success="True" result="Success" executed="True" />
              <test-case description="uses ToString fallback when entry has neither name nor title" name="Stage 8 — Fixture Coverage.uses ToString fallback when entry has neither name nor title" time="0.1405" asserts="0" success="True" result="Success" executed="True" />
            </results>
          </test-suite>
          <test-suite type="TestFixture" name="Stage 8 — Claude Dispatch" executed="True" result="Success" success="True" time="4.7412" asserts="0" description="Stage 8 — Claude Dispatch">
            <results>
              <test-case description="Claude receives plan content and feature docs path" name="Stage 8 — Claude Dispatch.Claude receives plan content and feature docs path" time="0.14" asserts="0" success="True" result="Success" executed="True" />
              <test-case description="worktrees detected — flag set for per-WT gates" name="Stage 8 — Claude Dispatch.worktrees detected — flag set for per-WT gates" time="0.1661" asserts="0" success="True" result="Success" executed="True" />
              <test-case description="no worktrees — cleanup path" name="Stage 8 — Claude Dispatch.no worktrees — cleanup path" time="0.1266" asserts="0" success="True" result="Success" executed="True" />
              <test-case description="single-task tier with no worktrees still advances" name="Stage 8 — Claude Dispatch.single-task tier with no worktrees still advances" time="0.1343" asserts="0" success="True" result="Success" executed="True" />
              <test-case description="multi-tier plan: single Claude dispatch for all tiers" name="Stage 8 — Claude Dispatch.multi-tier plan: single Claude dispatch for all tiers" time="0.1166" asserts="0" success="True" result="Success" executed="True" />
              <test-case description="zero-diff task: Claude produces no changes, status still dispatched" name="Stage 8 — Claude Dispatch.zero-diff task: Claude produces no changes, status still dispatched" time="0.1297" asserts="0" success="True" result="Success" executed="True" />
              <test-case description="resume marker written after fixture coverage" name="Stage 8 — Claude Dispatch.resume marker written after fixture coverage" time="0.1395" asserts="0" success="True" result="Success" executed="True" />
              <test-case description="resume marker written after Claude dispatch completes all tiers" name="Stage 8 — Claude Dispatch.resume marker written after Claude dispatch completes all tiers" time="0.1421" asserts="0" success="True" result="Success" executed="True" />
              <test-case description="lock held during FixtureCoverage (S2)" name="Stage 8 — Claude Dispatch.lock held during FixtureCoverage (S2)" time="0.1297" asserts="0" success="True" result="Success" executed="True" />
              <test-case description="lock held during ClaudeDispatch (S2)" name="Stage 8 — Claude Dispatch.lock held during ClaudeDispatch (S2)" time="0.1443" asserts="0" success="True" result="Success" executed="True" />
            </results>
          </test-suite>
          <test-suite type="TestFixture" name="Stage 8 — Per-Worktree Double-Pass" executed="True" result="Success" success="True" time="4.9745" asserts="0" description="Stage 8 — Per-Worktree Double-Pass">
            <results>
              <test-case description="double-pass succeeds on first attempt (2 consecutive passes)" name="Stage 8 — Per-Worktree Double-Pass.double-pass succeeds on first attempt (2 consecutive passes)" time="0.0581" asserts="0" success="True" result="Success" executed="True" />
              <test-case description="test failure sends error to Claude, resets consec=0, increments retry" name="Stage 8 — Per-Worktree Double-Pass.test failure sends error to Claude, resets consec=0, increments retry" time="0.0631" asserts="0" success="True" result="Success" executed="True" />
              <test-case description="lint failure on second pass resets consec=0, increments retry" name="Stage 8 — Per-Worktree Double-Pass.lint failure on second pass resets consec=0, increments retry" time="0.0502" asserts="0" success="True" result="Success" executed="True" />
              <test-case description="wtConsecPasses never exceeds 2 (S6)" name="Stage 8 — Per-Worktree Double-Pass.wtConsecPasses never exceeds 2 (S6)" time="0.0527" asserts="0" success="True" result="Success" executed="True" />
            </results>
          </test-suite>
          <test-suite type="TestFixture" name="Stage 8 — Per-Worktree Review" executed="True" result="Success" success="True" time="5.4239" asserts="0" description="Stage 8 — Per-Worktree Review">
            <results>
              <test-case description="review pass advances" name="Stage 8 — Per-Worktree Review.review pass advances" time="0.0591" asserts="0" success="True" result="Success" executed="True" />
              <test-case description="review fail triggers Claude fix, double-pass, re-review" name="Stage 8 — Per-Worktree Review.review fail triggers Claude fix, double-pass, re-review" time="0.0649" asserts="0" success="True" result="Success" executed="True" />
              <test-case description="after ReviewFail: wtDoublePassRetries=0 AND wtConsecPasses=0 (R2-1)" name="Stage 8 — Per-Worktree Review.after ReviewFail: wtDoublePassRetries=0 AND wtConsecPasses=0 (R2-1)" time="0.057" asserts="0" success="True" result="Success" executed="True" />
              <test-case description="KeepGoing mid-tier: advance + reset counters (R2-2)" name="Stage 8 — Per-Worktree Review.KeepGoing mid-tier: advance + reset counters (R2-2)" time="0.0952" asserts="0" success="True" result="Success" executed="True" />
              <test-case description="KeepGoing last-task: advance to merge WITHOUT counter reset (R2-2)" name="Stage 8 — Per-Worktree Review.KeepGoing last-task: advance to merge WITHOUT counter reset (R2-2)" time="0.0634" asserts="0" success="True" result="Success" executed="True" />
              <test-case description="lock held during PerWT_DoublePass (S2)" name="Stage 8 — Per-Worktree Review.lock held during PerWT_DoublePass (S2)" time="0.0543" asserts="0" success="True" result="Success" executed="True" />
              <test-case description="lock held during PerWT_Review (S2)" name="Stage 8 — Per-Worktree Review.lock held during PerWT_Review (S2)" time="0.0481" asserts="0" success="True" result="Success" executed="True" />
            </results>
          </test-suite>
          <test-suite type="TestFixture" name="Stage 8 — Sequential Merge" executed="True" result="Success" success="True" time="6.2269" asserts="0" description="Stage 8 — Sequential Merge">
            <results>
              <test-case description="worktrees merge in task number order (T1, T2, T3)" name="Stage 8 — Sequential Merge.worktrees merge in task number order (T1, T2, T3)" time="0.0572" asserts="0" success="True" result="Success" executed="True" />
              <test-case description="clean merge proceeds without intervention" name="Stage 8 — Sequential Merge.clean merge proceeds without intervention" time="0.0445" asserts="0" success="True" result="Success" executed="True" />
              <test-case description="merge conflict sent to Claude for resolution" name="Stage 8 — Sequential Merge.merge conflict sent to Claude for resolution" time="0.0589" asserts="0" success="True" result="Success" executed="True" />
              <test-case description="double-pass runs on feature branch after conflict resolution" name="Stage 8 — Sequential Merge.double-pass runs on feature branch after conflict resolution" time="0.06" asserts="0" success="True" result="Success" executed="True" />
              <test-case description="double-pass failure after conflict sends output to Claude" name="Stage 8 — Sequential Merge.double-pass failure after conflict sends output to Claude" time="0.0602" asserts="0" success="True" result="Success" executed="True" />
              <test-case description="Keep Going after conflict continues merge sequence" name="Stage 8 — Sequential Merge.Keep Going after conflict continues merge sequence" time="0.0608" asserts="0" success="True" result="Success" executed="True" />
              <test-case description="Stop after conflict halts pipeline" name="Stage 8 — Sequential Merge.Stop after conflict halts pipeline" time="0.0575" asserts="0" success="True" result="Success" executed="True" />
              <test-case description="unresolvable conflict escalates with file list" name="Stage 8 — Sequential Merge.unresolvable conflict escalates with file list" time="0.0607" asserts="0" success="True" result="Success" executed="True" />
              <test-case description="NO re-review after conflict (S7) — never enters review phase" name="Stage 8 — Sequential Merge.NO re-review after conflict (S7) — never enters review phase" time="0.0585" asserts="0" success="True" result="Success" executed="True" />
              <test-case description="merge conflict on T1 (first task, pristine base) (R1-2)" name="Stage 8 — Sequential Merge.merge conflict on T1 (first task, pristine base) (R1-2)" time="0.058" asserts="0" success="True" result="Success" executed="True" />
              <test-case description="merge conflict on T2+ after T1 merged (R1-2)" name="Stage 8 — Sequential Merge.merge conflict on T2+ after T1 merged (R1-2)" time="0.0548" asserts="0" success="True" result="Success" executed="True" />
              <test-case description="mergeConsecPasses never exceeds 2 (S6)" name="Stage 8 — Sequential Merge.mergeConsecPasses never exceeds 2 (S6)" time="0.0574" asserts="0" success="True" result="Success" executed="True" />
              <test-case description="lock held during SequentialMerge (S2)" name="Stage 8 — Sequential Merge.lock held during SequentialMerge (S2)" time="0.0496" asserts="0" success="True" result="Success" executed="True" />
              <test-case description="lock held during MergeConflictDP (S2)" name="Stage 8 — Sequential Merge.lock held during MergeConflictDP (S2)" time="0.0575" asserts="0" success="True" result="Success" executed="True" />
            </results>
          </test-suite>
          <test-suite type="TestFixture" name="Stage 8 — Rollback" executed="True" result="Success" success="True" time="6.3516" asserts="0" description="Stage 8 — Rollback">
            <results>
              <test-case description="Stop: feature branch reset to pre-merge checkpoint (R1-6)" name="Stage 8 — Rollback.Stop: feature branch reset to pre-merge checkpoint (R1-6)" time="0.0573" asserts="0" success="True" result="Success" executed="True" />
              <test-case description="rollback preserves prior tier merges (R1-6)" name="Stage 8 — Rollback.rollback preserves prior tier merges (R1-6)" time="0.0594" asserts="0" success="True" result="Success" executed="True" />
            </results>
          </test-suite>
          <test-suite type="TestFixture" name="Stage 8 — Worktree Cleanup" executed="True" result="Success" success="True" time="6.5538" asserts="0" description="Stage 8 — Worktree Cleanup">
            <results>
              <test-case description="checkpoint-first: marker written BEFORE worktree removal (R2-8)" name="Stage 8 — Worktree Cleanup.checkpoint-first: marker written BEFORE worktree removal (R2-8)" time="0.044" asserts="0" success="True" result="Success" executed="True" />
              <test-case description="all worktrees removed after merge" name="Stage 8 — Worktree Cleanup.all worktrees removed after merge" time="0.0575" asserts="0" success="True" result="Success" executed="True" />
              <test-case description="removal failure logs warning, does not halt" name="Stage 8 — Worktree Cleanup.removal failure logs warning, does not halt" time="0.0523" asserts="0" success="True" result="Success" executed="True" />
              <test-case description="no worktrees — skip gates, proceed to global" name="Stage 8 — Worktree Cleanup.no worktrees — skip gates, proceed to global" time="0.0404" asserts="0" success="True" result="Success" executed="True" />
            </results>
          </test-suite>
          <test-suite type="TestFixture" name="Stage 8 — Global Double-Pass" executed="True" result="Success" success="True" time="6.7744" asserts="0" description="Stage 8 — Global Double-Pass">
            <results>
              <test-case description="succeeds after 2 consecutive passes" name="Stage 8 — Global Double-Pass.succeeds after 2 consecutive passes" time="0.05" asserts="0" success="True" result="Success" executed="True" />
              <test-case description="failure sends output to Claude" name="Stage 8 — Global Double-Pass.failure sends output to Claude" time="0.062" asserts="0" success="True" result="Success" executed="True" />
              <test-case description="glConsecPasses never exceeds 2 (S6)" name="Stage 8 — Global Double-Pass.glConsecPasses never exceeds 2 (S6)" time="0.0457" asserts="0" success="True" result="Success" executed="True" />
              <test-case description="lock held during GlobalDoublePass (S2)" name="Stage 8 — Global Double-Pass.lock held during GlobalDoublePass (S2)" time="0.0547" asserts="0" success="True" result="Success" executed="True" />
            </results>
          </test-suite>
          <test-suite type="TestFixture" name="Stage 8 — Global Review" executed="True" result="Success" success="True" time="7.0576" asserts="0" description="Stage 8 — Global Review">
            <results>
              <test-case description="global reviewers dispatched with full diff against base branch" name="Stage 8 — Global Review.global reviewers dispatched with full diff against base branch" time="0.0512" asserts="0" success="True" result="Success" executed="True" />
              <test-case description="review pass completes Stage 8 and releases lock" name="Stage 8 — Global Review.review pass completes Stage 8 and releases lock" time="0.0486" asserts="0" success="True" result="Success" executed="True" />
              <test-case description="review blocker triggers fix cycle (Claude fix, double-pass, re-review)" name="Stage 8 — Global Review.review blocker triggers fix cycle (Claude fix, double-pass, re-review)" time="0.0704" asserts="0" success="True" result="Success" executed="True" />
              <test-case description="after GlobalReviewFail: glDoublePassRetries=0 AND glConsecPasses=0 (R2-1)" name="Stage 8 — Global Review.after GlobalReviewFail: glDoublePassRetries=0 AND glConsecPasses=0 (R2-1)" time="0.0571" asserts="0" success="True" result="Success" executed="True" />
              <test-case description="lock held during GlobalReview (S2)" name="Stage 8 — Global Review.lock held during GlobalReview (S2)" time="0.0474" asserts="0" success="True" result="Success" executed="True" />
            </results>
          </test-suite>
          <test-suite type="TestFixture" name="Stage 8 — Pipeline Completion" executed="True" result="Success" success="True" time="7.2602" asserts="0" description="Stage 8 — Pipeline Completion">
            <results>
              <test-case description="PIPELINE COMPLETE marker logged on success" name="Stage 8 — Pipeline Completion.PIPELINE COMPLETE marker logged on success" time="0.0419" asserts="0" success="True" result="Success" executed="True" />
              <test-case description="PIPELINE HALTED marker logged on stop" name="Stage 8 — Pipeline Completion.PIPELINE HALTED marker logged on stop" time="0.0367" asserts="0" success="True" result="Success" executed="True" />
              <test-case description="lock released in all terminal paths (S1)" name="Stage 8 — Pipeline Completion.lock released in all terminal paths (S1)" time="0.0389" asserts="0" success="True" result="Success" executed="True" />
              <test-case description="phase=Complete implies outcome=complete (S5)" name="Stage 8 — Pipeline Completion.phase=Complete implies outcome=complete (S5)" time="0.0404" asserts="0" success="True" result="Success" executed="True" />
              <test-case description="phase=Halted implies outcome=halted (S5)" name="Stage 8 — Pipeline Completion.phase=Halted implies outcome=halted (S5)" time="0.0369" asserts="0" success="True" result="Success" executed="True" />
            </results>
          </test-suite>
          <test-suite type="TestFixture" name="Stage 8 — Escalation Paths" executed="True" result="Success" success="True" time="7.7948" asserts="0" description="Stage 8 — Escalation Paths">
            <results>
              <test-case description="returns halted_doublepass when GlobalDoublePass escalates" name="Stage 8 — Escalation Paths.returns halted_doublepass when GlobalDoublePass escalates" time="0.1354" asserts="0" success="True" result="Success" executed="True" />
              <test-case description="returns halted_review when GlobalReview escalates" name="Stage 8 — Escalation Paths.returns halted_review when GlobalReview escalates" time="0.1534" asserts="0" success="True" result="Success" executed="True" />
              <test-case description="returns halted_gate when PerWorktreeGate escalates" name="Stage 8 — Escalation Paths.returns halted_gate when PerWorktreeGate escalates" time="0.1209" asserts="0" success="True" result="Success" executed="True" />
              <test-case description="returns halted_merge when SequentialMerge escalates" name="Stage 8 — Escalation Paths.returns halted_merge when SequentialMerge escalates" time="0.1161" asserts="0" success="True" result="Success" executed="True" />
            </results>
          </test-suite>
        </results>
      </test-suite>
      <test-suite type="TestFixture" name="C:\Users\glove\projects\ethang-monorepo\packages\vibe-cli\tests\config-review-gate.Tests.ps1" executed="True" result="Success" success="True" time="0.1712" asserts="0" description="C:\Users\glove\projects\ethang-monorepo\packages\vibe-cli\tests\config-review-gate.Tests.ps1">
        <results>
          <test-suite type="TestFixture" name="Review gate default values" executed="True" result="Success" success="True" time="0.0188" asserts="0" description="Review gate default values">
            <results>
              <test-case description="NumTasks defaults to 1" name="Review gate default values.NumTasks defaults to 1" time="0.0097" asserts="0" success="True" result="Success" executed="True" />
            </results>
          </test-suite>
          <test-suite type="TestFixture" name="Get-PipelineConfig returns immutable snapshot" executed="True" result="Success" success="True" time="0.0414" asserts="0" description="Get-PipelineConfig returns immutable snapshot">
            <results>
              <test-case description="returns a ReadOnlyDictionary that cannot be mutated" name="Get-PipelineConfig returns immutable snapshot.returns a ReadOnlyDictionary that cannot be mutated" time="0.0073" asserts="0" success="True" result="Success" executed="True" />
              <test-case description="subsequent calls return independent snapshots" name="Get-PipelineConfig returns immutable snapshot.subsequent calls return independent snapshots" time="0.0055" asserts="0" success="True" result="Success" executed="True" />
            </results>
          </test-suite>
          <test-suite type="TestFixture" name="Environment variable overrides" executed="True" result="Success" success="True" time="0.0539" asserts="0" description="Environment variable overrides">
            <results>
              <test-case description="VIBE_NUM_TASKS overrides NumTasks" name="Environment variable overrides.VIBE_NUM_TASKS overrides NumTasks" time="0.0039" asserts="0" success="True" result="Success" executed="True" />
            </results>
          </test-suite>
          <test-suite type="TestFixture" name="Config rejects zero or negative values at load time" executed="True" result="Success" success="True" time="0.0747" asserts="0" description="Config rejects zero or negative values at load time">
            <results>
              <test-case description="throws when NumTasks is 0" name="Config rejects zero or negative values at load time.throws when NumTasks is 0" time="0.0074" asserts="0" success="True" result="Success" executed="True" />
              <test-case description="throws when NumTasks is negative" name="Config rejects zero or negative values at load time.throws when NumTasks is negative" time="0.0048" asserts="0" success="True" result="Success" executed="True" />
            </results>
          </test-suite>
        </results>
      </test-suite>
      <test-suite type="TestFixture" name="C:\Users\glove\projects\ethang-monorepo\packages\vibe-cli\tests\config.Tests.ps1" executed="True" result="Success" success="True" time="0.4493" asserts="0" description="C:\Users\glove\projects\ethang-monorepo\packages\vibe-cli\tests\config.Tests.ps1">
        <results>
          <test-suite type="TestFixture" name="Write-PipelineLog" executed="True" result="Success" success="True" time="0.0887" asserts="0" description="Write-PipelineLog">
            <results>
              <test-case description="writes a timestamped line to the log file" name="Write-PipelineLog.writes a timestamped line to the log file" time="0.0428" asserts="0" success="True" result="Success" executed="True" />
              <test-case description="appends multiple lines" name="Write-PipelineLog.appends multiple lines" time="0.0363" asserts="0" success="True" result="Success" executed="True" />
            </results>
          </test-suite>
          <test-suite type="TestFixture" name="Invoke-VerifyCommand" executed="True" result="Success" success="True" time="0.1648" asserts="0" description="Invoke-VerifyCommand">
            <results>
              <test-case description="splits and executes valid commands via call operator" name="Invoke-VerifyCommand.splits and executes valid commands via call operator" time="0.0132" asserts="0" success="True" result="Success" executed="True" />
              <test-case description="returns 0 when LASTEXITCODE is null after execution" name="Invoke-VerifyCommand.returns 0 when LASTEXITCODE is null after execution" time="0.0067" asserts="0" success="True" result="Success" executed="True" />
              <test-case description="returns scalar integer when command writes stdout and exits 0" name="Invoke-VerifyCommand.returns scalar integer when command writes stdout and exits 0" time="0.0079" asserts="0" success="True" result="Success" executed="True" />
              <test-case description="returns scalar integer when command writes stdout and exits non-zero" name="Invoke-VerifyCommand.returns scalar integer when command writes stdout and exits non-zero" time="0.0077" asserts="0" success="True" result="Success" executed="True" />
              <test-case description="does not leak command output into return value" name="Invoke-VerifyCommand.does not leak command output into return value" time="0.0189" asserts="0" success="True" result="Success" executed="True" />
              <test-case description="exit code 0 with stdout does not falsely trigger -ne 0 check" name="Invoke-VerifyCommand.exit code 0 with stdout does not falsely trigger -ne 0 check" time="0.0074" asserts="0" success="True" result="Success" executed="True" />
            </results>
          </test-suite>
          <test-suite type="TestFixture" name="Invoke-ScopedTestVerify" executed="True" result="Success" success="True" time="0.2308" asserts="0" description="Invoke-ScopedTestVerify">
            <results>
              <test-case description="returns 0 when all tests pass" name="Invoke-ScopedTestVerify.returns 0 when all tests pass" time="0.0218" asserts="0" success="True" result="Success" executed="True" />
              <test-case description="returns 1 when tests fail" name="Invoke-ScopedTestVerify.returns 1 when tests fail" time="0.0107" asserts="0" success="True" result="Success" executed="True" />
              <test-case description="uses Push-Location/Pop-Location when WorkingDirectory is specified" name="Invoke-ScopedTestVerify.uses Push-Location/Pop-Location when WorkingDirectory is specified" time="0.0252" asserts="0" success="True" result="Success" executed="True" />
            </results>
          </test-suite>
          <test-suite type="TestFixture" name="Invoke-VerifyCommand with WorkingDirectory" executed="True" result="Success" success="True" time="0.2699" asserts="0" description="Invoke-VerifyCommand with WorkingDirectory">
            <results>
              <test-case description="changes directory when WorkingDirectory is provided" name="Invoke-VerifyCommand with WorkingDirectory.changes directory when WorkingDirectory is provided" time="0.0271" asserts="0" success="True" result="Success" executed="True" />
            </results>
          </test-suite>
          <test-suite type="TestFixture" name="New-RunId" executed="True" result="Success" success="True" time="0.3032" asserts="0" description="New-RunId">
            <results>
              <test-case description="matches format yyyyMMddTHHmmss-4hex" name="New-RunId.matches format yyyyMMddTHHmmss-4hex" time="0.0048" asserts="0" success="True" result="Success" executed="True" />
              <test-case description="generates unique values on consecutive calls" name="New-RunId.generates unique values on consecutive calls" time="0.0154" asserts="0" success="True" result="Success" executed="True" />
              <test-case description="timestamp portion reflects current time" name="New-RunId.timestamp portion reflects current time" time="0.005" asserts="0" success="True" result="Success" executed="True" />
            </results>
          </test-suite>
          <test-suite type="TestFixture" name="Get-RunIdFromLog" executed="True" result="Success" success="True" time="0.3503" asserts="0" description="Get-RunIdFromLog">
            <results>
              <test-case description="extracts runId from PIPELINE START line" name="Get-RunIdFromLog.extracts runId from PIPELINE START line" time="0.0078" asserts="0" success="True" result="Success" executed="True" />
              <test-case description="throws when log file does not exist" name="Get-RunIdFromLog.throws when log file does not exist" time="0.0051" asserts="0" success="True" result="Success" executed="True" />
              <test-case description="throws when log has no PIPELINE START line" name="Get-RunIdFromLog.throws when log has no PIPELINE START line" time="0.0065" asserts="0" success="True" result="Success" executed="True" />
              <test-case description="throws on malformed runId — missing hex suffix" name="Get-RunIdFromLog.throws on malformed runId — missing hex suffix" time="0.0051" asserts="0" success="True" result="Success" executed="True" />
              <test-case description="throws on truncated runId" name="Get-RunIdFromLog.throws on truncated runId" time="0.0055" asserts="0" success="True" result="Success" executed="True" />
              <test-case description="rejects runId with extra characters after valid portion" name="Get-RunIdFromLog.rejects runId with extra characters after valid portion" time="0.0047" asserts="0" success="True" result="Success" executed="True" />
              <test-case description="extracts runId from multi-line log" name="Get-RunIdFromLog.extracts runId from multi-line log" time="0.0044" asserts="0" success="True" result="Success" executed="True" />
            </results>
          </test-suite>
        </results>
      </test-suite>
      <test-suite type="TestFixture" name="C:\Users\glove\projects\ethang-monorepo\packages\vibe-cli\tests\contract-alignment.Tests.ps1" executed="True" result="Success" success="True" time="0.2057" asserts="0" description="C:\Users\glove\projects\ethang-monorepo\packages\vibe-cli\tests\contract-alignment.Tests.ps1">
        <results>
          <test-suite type="TestFixture" name="Alignment: ConvertTo-TaskResult vs TaskResultContract" executed="True" result="Success" success="True" time="0.0351" asserts="0" description="Alignment: ConvertTo-TaskResult vs TaskResultContract">
            <results>
              <test-case description="both accept valid completed task" name="Alignment: ConvertTo-TaskResult vs TaskResultContract.both accept valid completed task" time="0.0074" asserts="0" success="True" result="Success" executed="True" />
              <test-case description="both accept valid running task" name="Alignment: ConvertTo-TaskResult vs TaskResultContract.both accept valid running task" time="0.0032" asserts="0" success="True" result="Success" executed="True" />
              <test-case description="both accept valid escalated task" name="Alignment: ConvertTo-TaskResult vs TaskResultContract.both accept valid escalated task" time="0.0034" asserts="0" success="True" result="Success" executed="True" />
              <test-case description="both reject invalid phase" name="Alignment: ConvertTo-TaskResult vs TaskResultContract.both reject invalid phase" time="0.0058" asserts="0" success="True" result="Success" executed="True" />
              <test-case description="both reject missing TaskId" name="Alignment: ConvertTo-TaskResult vs TaskResultContract.both reject missing TaskId" time="0.005" asserts="0" success="True" result="Success" executed="True" />
              <test-case description="both reject invalid status" name="Alignment: ConvertTo-TaskResult vs TaskResultContract.both reject invalid status" time="0.0043" asserts="0" success="True" result="Success" executed="True" />
            </results>
          </test-suite>
          <test-suite type="TestFixture" name="Alignment: ConvertTo-MergeResult vs MergeResultContract" executed="True" result="Success" success="True" time="0.0656" asserts="0" description="Alignment: ConvertTo-MergeResult vs MergeResultContract">
            <results>
              <test-case description="both accept valid success merge" name="Alignment: ConvertTo-MergeResult vs MergeResultContract.both accept valid success merge" time="0.0064" asserts="0" success="True" result="Success" executed="True" />
              <test-case description="both accept valid conflict merge" name="Alignment: ConvertTo-MergeResult vs MergeResultContract.both accept valid conflict merge" time="0.0043" asserts="0" success="True" result="Success" executed="True" />
              <test-case description="both reject missing TaskId" name="Alignment: ConvertTo-MergeResult vs MergeResultContract.both reject missing TaskId" time="0.0046" asserts="0" success="True" result="Success" executed="True" />
              <test-case description="both reject missing Success" name="Alignment: ConvertTo-MergeResult vs MergeResultContract.both reject missing Success" time="0.0097" asserts="0" success="True" result="Success" executed="True" />
            </results>
          </test-suite>
          <test-suite type="TestFixture" name="Alignment: ConvertTo-EscalationResult vs EscalationResultContract" executed="True" result="Success" success="True" time="0.093" asserts="0" description="Alignment: ConvertTo-EscalationResult vs EscalationResultContract">
            <results>
[...]
              <test-case description="increments crash count" name="Pipeline Lock.increments crash count" time="0.0829" asserts="0" success="True" result="Success" executed="True" />
              <test-case description="increments crash count multiple times" name="Pipeline Lock.increments crash count multiple times" time="0.088" asserts="0" success="True" result="Success" executed="True" />
              <test-case description="unlocks on complete feature" name="Pipeline Lock.unlocks on complete feature" time="0.0765" asserts="0" success="True" result="Success" executed="True" />
              <test-case description="rejects unlock on running without force" name="Pipeline Lock.rejects unlock on running without force" time="0.0786" asserts="0" success="True" result="Success" executed="True" />
              <test-case description="force unlock on running transitions to halted" name="Pipeline Lock.force unlock on running transitions to halted" time="0.1239" asserts="0" success="True" result="Success" executed="True" />
              <test-case description="force unlock clears active feature" name="Pipeline Lock.force unlock clears active feature" time="0.1095" asserts="0" success="True" result="Success" executed="True" />
              <test-case description="rejects unlock when no lock held" name="Pipeline Lock.rejects unlock when no lock held" time="0.0517" asserts="0" success="True" result="Success" executed="True" />
            </results>
          </test-suite>
        </results>
      </test-suite>
      <test-suite type="TestFixture" name="C:\Users\glove\projects\ethang-monorepo\packages\vibe-cli\tests\state\merges\Merges.Tests.ps1" executed="True" result="Success" success="True" time="0.4205" asserts="0" description="C:\Users\glove\projects\ethang-monorepo\packages\vibe-cli\tests\state\merges\Merges.Tests.ps1">
        <results>
          <test-suite type="TestFixture" name="Merge Results" executed="True" result="Success" success="True" time="0.2141" asserts="0" description="Merge Results">
            <results>
              <test-case description="sets a merge result" name="Merge Results.sets a merge result" time="0.0543" asserts="0" success="True" result="Success" executed="True" />
              <test-case description="upserts existing merge" name="Merge Results.upserts existing merge" time="0.0579" asserts="0" success="True" result="Success" executed="True" />
              <test-case description="tracks conflict flag" name="Merge Results.tracks conflict flag" time="0.047" asserts="0" success="True" result="Success" executed="True" />
              <test-case description="returns empty when none" name="Merge Results.returns empty when none" time="0.0494" asserts="0" success="True" result="Success" executed="True" />
            </results>
          </test-suite>
        </results>
      </test-suite>
      <test-suite type="TestFixture" name="C:\Users\glove\projects\ethang-monorepo\packages\vibe-cli\tests\state\outputs\StageOutputs.Tests.ps1" executed="True" result="Success" success="True" time="0.4666" asserts="0" description="C:\Users\glove\projects\ethang-monorepo\packages\vibe-cli\tests\state\outputs\StageOutputs.Tests.ps1">
        <results>
          <test-suite type="TestFixture" name="Stage Outputs" executed="True" result="Success" success="True" time="0.2817" asserts="0" description="Stage Outputs">
            <results>
              <test-case description="stores and retrieves a JSON output" name="Stage Outputs.stores and retrieves a JSON output" time="0.049" asserts="0" success="True" result="Success" executed="True" />
              <test-case description="stores target root output" name="Stage Outputs.stores target root output" time="0.0527" asserts="0" success="True" result="Success" executed="True" />
              <test-case description="overwrites existing output" name="Stage Outputs.overwrites existing output" time="0.0558" asserts="0" success="True" result="Success" executed="True" />
              <test-case description="returns null for nonexistent output" name="Stage Outputs.returns null for nonexistent output" time="0.0437" asserts="0" success="True" result="Success" executed="True" />
              <test-case description="has created_at timestamp" name="Stage Outputs.has created_at timestamp" time="0.0728" asserts="0" success="True" result="Success" executed="True" />
            </results>
          </test-suite>
        </results>
      </test-suite>
      <test-suite type="TestFixture" name="C:\Users\glove\projects\ethang-monorepo\packages\vibe-cli\tests\state\progress\Progress.Tests.ps1" executed="True" result="Success" success="True" time="0.7031" asserts="0" description="C:\Users\glove\projects\ethang-monorepo\packages\vibe-cli\tests\state\progress\Progress.Tests.ps1">
        <results>
          <test-suite type="TestFixture" name="Stage Progress" executed="True" result="Success" success="True" time="0.4954" asserts="0" description="Stage Progress">
            <results>
              <test-case description="marks a stage as complete" name="Stage Progress.marks a stage as complete" time="0.0494" asserts="0" success="True" result="Success" executed="True" />
              <test-case description="marks multiple stages in order" name="Stage Progress.marks multiple stages in order" time="0.0645" asserts="0" success="True" result="Success" executed="True" />
              <test-case description="returns null when none complete" name="Stage Progress.returns null when none complete" time="0.0397" asserts="0" success="True" result="Success" executed="True" />
              <test-case description="rejects non-sequential stage" name="Stage Progress.rejects non-sequential stage" time="0.0634" asserts="0" success="True" result="Success" executed="True" />
              <test-case description="duplicate stage completion is a no-op" name="Stage Progress.duplicate stage completion is a no-op" time="0.0654" asserts="0" success="True" result="Success" executed="True" />
              <test-case description="rejects stage below lastCompleted" name="Stage Progress.rejects stage below lastCompleted" time="0.0647" asserts="0" success="True" result="Success" executed="True" />
              <test-case description="rejects stage above max (7)" name="Stage Progress.rejects stage above max (7)" time="0.047" asserts="0" success="True" result="Success" executed="True" />
              <test-case description="rejects stage 0" name="Stage Progress.rejects stage 0" time="0.0483" asserts="0" success="True" result="Success" executed="True" />
              <test-case description="rejects negative stage" name="Stage Progress.rejects negative stage" time="0.0456" asserts="0" success="True" result="Success" executed="True" />
            </results>
          </test-suite>
        </results>
      </test-suite>
      <test-suite type="TestFixture" name="C:\Users\glove\projects\ethang-monorepo\packages\vibe-cli\tests\state\runtime\CrashRecovery.Tests.ps1" executed="True" result="Success" success="True" time="1.0919" asserts="0" description="C:\Users\glove\projects\ethang-monorepo\packages\vibe-cli\tests\state\runtime\CrashRecovery.Tests.ps1">
        <results>
          <test-suite type="TestFixture" name="Crash Recovery" executed="True" result="Success" success="True" time="0.5918" asserts="0" description="Crash Recovery">
            <results>
              <test-case description="detects stale lock for nonexistent PID" name="Crash Recovery.detects stale lock for nonexistent PID" time="0.0803" asserts="0" success="True" result="Success" executed="True" />
              <test-case description="crash resets running tier to pending" name="Crash Recovery.crash resets running tier to pending" time="0.1054" asserts="0" success="True" result="Success" executed="True" />
              <test-case description="crash preserves passed tier status" name="Crash Recovery.crash preserves passed tier status" time="0.099" asserts="0" success="True" result="Success" executed="True" />
              <test-case description="crash preserves stage progress" name="Crash Recovery.crash preserves stage progress" time="0.1126" asserts="0" success="True" result="Success" executed="True" />
              <test-case description="crash preserves debate state for resume" name="Crash Recovery.crash preserves debate state for resume" time="0.0969" asserts="0" success="True" result="Success" executed="True" />
              <test-case description="task results preserved through crash recovery" name="Crash Recovery.task results preserved through crash recovery" time="0.0913" asserts="0" success="True" result="Success" executed="True" />
            </results>
          </test-suite>
          <test-suite type="TestFixture" name="Pipeline Completion" executed="True" result="Success" success="True" time="0.9011" asserts="0" description="Pipeline Completion">
            <results>
              <test-case description="transitions feature to complete when all stages done" name="Pipeline Completion.transitions feature to complete when all stages done" time="0.1299" asserts="0" success="True" result="Success" executed="True" />
              <test-case description="synchronized pipelineState on running" name="Pipeline Completion.synchronized pipelineState on running" time="0.0747" asserts="0" success="True" result="Success" executed="True" />
              <test-case description="synchronized pipelineState on halt" name="Pipeline Completion.synchronized pipelineState on halt" time="0.0989" asserts="0" success="True" result="Success" executed="True" />
            </results>
          </test-suite>
        </results>
      </test-suite>
      <test-suite type="TestFixture" name="C:\Users\glove\projects\ethang-monorepo\packages\vibe-cli\tests\state\runtime\PipelineState.Tests.ps1" executed="True" result="Success" success="True" time="0.6807" asserts="0" description="C:\Users\glove\projects\ethang-monorepo\packages\vibe-cli\tests\state\runtime\PipelineState.Tests.ps1">
        <results>
          <test-suite type="TestFixture" name="Pipeline Runtime State" executed="True" result="Success" success="True" time="0.4875" asserts="0" description="Pipeline Runtime State">
            <results>
              <test-case description="updates verdict" name="Pipeline Runtime State.updates verdict" time="0.0684" asserts="0" success="True" result="Success" executed="True" />
              <test-case description="updates multiple columns" name="Pipeline Runtime State.updates multiple columns" time="0.0693" asserts="0" success="True" result="Success" executed="True" />
              <test-case description="returns all columns" name="Pipeline Runtime State.returns all columns" time="0.0545" asserts="0" success="True" result="Success" executed="True" />
              <test-case description="returns null for no row" name="Pipeline Runtime State.returns null for no row" time="0.046" asserts="0" success="True" result="Success" executed="True" />
              <test-case description="preserves unmodified columns" name="Pipeline Runtime State.preserves unmodified columns" time="0.0608" asserts="0" success="True" result="Success" executed="True" />
              <test-case description="clears verdict to NULL" name="Pipeline Runtime State.clears verdict to NULL" time="0.0607" asserts="0" success="True" result="Success" executed="True" />
              <test-case description="clears lock_holder to NULL when 0" name="Pipeline Runtime State.clears lock_holder to NULL when 0" time="0.0623" asserts="0" success="True" result="Success" executed="True" />
              <test-case description="syncs feature status" name="Pipeline Runtime State.syncs feature status" time="0.0593" asserts="0" success="True" result="Success" executed="True" />
            </results>
          </test-suite>
        </results>
      </test-suite>
      <test-suite type="TestFixture" name="C:\Users\glove\projects\ethang-monorepo\packages\vibe-cli\tests\state\session\Session.Tests.ps1" executed="True" result="Success" success="True" time="0.9027" asserts="0" description="C:\Users\glove\projects\ethang-monorepo\packages\vibe-cli\tests\state\session\Session.Tests.ps1">
        <results>
          <test-suite type="TestFixture" name="Session tracks the active feature" executed="True" result="Success" success="True" time="0.7101" asserts="0" description="Session tracks the active feature">
            <results>
              <test-suite type="TestFixture" name="Session tracks the active feature.Set-ActiveFeature" executed="True" result="Success" success="True" time="0.4054" asserts="0" description="Session tracks the active feature.Set-ActiveFeature">
                <results>
                  <test-case description="sets active feature on empty session" name="Session tracks the active feature.Set-ActiveFeature.sets active feature on empty session" time="0.0492" asserts="0" success="True" result="Success" executed="True" />
                  <test-case description="session row has a non-null started_at" name="Session tracks the active feature.Set-ActiveFeature.session row has a non-null started_at" time="0.0474" asserts="0" success="True" result="Success" executed="True" />
                  <test-case description="replaces previous value when previous feature is complete" name="Session tracks the active feature.Set-ActiveFeature.replaces previous value when previous feature is complete" time="0.0733" asserts="0" success="True" result="Success" executed="True" />
                  <test-case description="rejected when another feature is running" name="Session tracks the active feature.Set-ActiveFeature.rejected when another feature is running" time="0.0677" asserts="0" success="True" result="Success" executed="True" />
                  <test-case description="allowed when previous feature is halted" name="Session tracks the active feature.Set-ActiveFeature.allowed when previous feature is halted" time="0.071" asserts="0" success="True" result="Success" executed="True" />
                  <test-case description="rejected for feature that does not exist" name="Session tracks the active feature.Set-ActiveFeature.rejected for feature that does not exist" time="0.0403" asserts="0" success="True" result="Success" executed="True" />
                  <test-case description="same active idle feature is a no-op" name="Session tracks the active feature.Set-ActiveFeature.same active idle feature is a no-op" time="0.0508" asserts="0" success="True" result="Success" executed="True" />
                </results>
              </test-suite>
              <test-suite type="TestFixture" name="Session tracks the active feature.Get-ActiveFeature" executed="True" result="Success" success="True" time="0.4659" asserts="0" description="Session tracks the active feature.Get-ActiveFeature">
                <results>
                  <test-case description="returns null when none is set" name="Session tracks the active feature.Get-ActiveFeature.returns null when none is set" time="0.0522" asserts="0" success="True" result="Success" executed="True" />
                </results>
              </test-suite>
              <test-suite type="TestFixture" name="Session tracks the active feature.Clear-ActiveFeature" executed="True" result="Success" success="True" time="0.7037" asserts="0" description="Session tracks the active feature.Clear-ActiveFeature">
                <results>
                  <test-case description="clears on completed feature" name="Session tracks the active feature.Clear-ActiveFeature.clears on completed feature" time="0.0671" asserts="0" success="True" result="Success" executed="True" />
                  <test-case description="clears on halted feature" name="Session tracks the active feature.Clear-ActiveFeature.clears on halted feature" time="0.0608" asserts="0" success="True" result="Success" executed="True" />
                  <test-case description="rejected for idle feature" name="Session tracks the active feature.Clear-ActiveFeature.rejected for idle feature" time="0.0496" asserts="0" success="True" result="Success" executed="True" />
                  <test-case description="rejected for running feature" name="Session tracks the active feature.Clear-ActiveFeature.rejected for running feature" time="0.0543" asserts="0" success="True" result="Success" executed="True" />
                </results>
              </test-suite>
            </results>
          </test-suite>
        </results>
      </test-suite>
      <test-suite type="TestFixture" name="C:\Users\glove\projects\ethang-monorepo\packages\vibe-cli\tests\state\tasks\Tasks.Tests.ps1" executed="True" result="Success" success="True" time="0.46" asserts="0" description="C:\Users\glove\projects\ethang-monorepo\packages\vibe-cli\tests\state\tasks\Tasks.Tests.ps1">
        <results>
          <test-suite type="TestFixture" name="Task Results" executed="True" result="Success" success="True" time="0.2697" asserts="0" description="Task Results">
            <results>
              <test-case description="sets a task result" name="Task Results.sets a task result" time="0.05" asserts="0" success="True" result="Success" executed="True" />
              <test-case description="upserts existing task" name="Task Results.upserts existing task" time="0.0603" asserts="0" success="True" result="Success" executed="True" />
              <test-case description="returns all tasks in a tier" name="Task Results.returns all tasks in a tier" time="0.0566" asserts="0" success="True" result="Success" executed="True" />
              <test-case description="returns null for nonexistent task" name="Task Results.returns null for nonexistent task" time="0.047" asserts="0" success="True" result="Success" executed="True" />
              <test-case description="stores counters_json and error" name="Task Results.stores counters_json and error" time="0.0499" asserts="0" success="True" result="Success" executed="True" />
            </results>
          </test-suite>
        </results>
      </test-suite>
      <test-suite type="TestFixture" name="C:\Users\glove\projects\ethang-monorepo\packages\vibe-cli\tests\state\tiers\Tiers.Tests.ps1" executed="True" result="Success" success="True" time="0.5523" asserts="0" description="C:\Users\glove\projects\ethang-monorepo\packages\vibe-cli\tests\state\tiers\Tiers.Tests.ps1">
        <results>
          <test-suite type="TestFixture" name="Tier Progress" executed="True" result="Success" success="True" time="0.3577" asserts="0" description="Tier Progress">
            <results>
              <test-case description="initializes tier to pending" name="Tier Progress.initializes tier to pending" time="0.0492" asserts="0" success="True" result="Success" executed="True" />
              <test-case description="transitions tier to running" name="Tier Progress.transitions tier to running" time="0.0685" asserts="0" success="True" result="Success" executed="True" />
              <test-case description="marks tier as passed with completed_at" name="Tier Progress.marks tier as passed with completed_at" time="0.0656" asserts="0" success="True" result="Success" executed="True" />
              <test-case description="marks tier as failed" name="Tier Progress.marks tier as failed" time="0.0576" asserts="0" success="True" result="Success" executed="True" />
              <test-case description="returns null for nonexistent tier" name="Tier Progress.returns null for nonexistent tier" time="0.0491" asserts="0" success="True" result="Success" executed="True" />
              <test-case description="returns all tier progress" name="Tier Progress.returns all tier progress" time="0.062" asserts="0" success="True" result="Success" executed="True" />
            </results>
          </test-suite>
        </results>
      </test-suite>
    </results>
  </test-suite>
</test-results>